#
# A fatal error has been detected by the Java Runtime Environment:
#
#  EXCEPTION_ACCESS_VIOLATION (0xc0000005) at pc=0x00007ff80dfb6360, pid=18100, tid=1852
#
# JRE version: OpenJDK Runtime Environment (17.0.6) (build 17.0.6+0-b2043.56-10027231)
# Java VM: OpenJDK 64-Bit Server VM (17.0.6+0-b2043.56-10027231, mixed mode, tiered, compressed oops, compressed class ptrs, g1 gc, windows-amd64)
# Problematic frame:
# C  [native-platform-file-events.dll+0x46360]
#
# No core dump will be written. Minidumps are not enabled by default on client versions of Windows
#
# If you would like to submit a bug report, please visit:
#   https://bugreport.java.com/bugreport/crash.jsp
# The crash happened outside the Java Virtual Machine in native code.
# See problematic frame for where to report the bug.
#

---------------  S U M M A R Y ------------

Command Line: --add-opens=java.base/java.util=ALL-UNNAMED --add-opens=java.base/java.lang=ALL-UNNAMED --add-opens=java.base/java.lang.invoke=ALL-UNNAMED --add-opens=java.prefs/java.util.prefs=ALL-UNNAMED --add-opens=java.base/java.nio.charset=ALL-UNNAMED --add-opens=java.base/java.net=ALL-UNNAMED --add-opens=java.base/java.util.concurrent.atomic=ALL-UNNAMED -Xmx2048m -Dfile.encoding=UTF-8 -Duser.country=ID -Duser.language=en -Duser.variant org.gradle.launcher.daemon.bootstrap.GradleDaemon 8.0

Host: Intel(R) Core(TM) i7-7700HQ CPU @ 2.80GHz, 8 cores, 7G,  Windows 10 , 64 bit Build 19041 (10.0.19041.3570)
Time: Sat Nov  4 19:20:49 2023 SE Asia Standard Time elapsed time: 55.738894 seconds (0d 0h 0m 55s)

---------------  T H R E A D  ---------------

Current thread (0x0000019554e821e0):  JavaThread "File watcher server" daemon [_thread_in_native, id=1852, stack(0x0000001a7bd00000,0x0000001a7be00000)]

Stack: [0x0000001a7bd00000,0x0000001a7be00000],  sp=0x0000001a7bdfe6a0,  free space=1017k
Native frames: (J=compiled Java code, j=interpreted, Vv=VM code, C=native code)
C  [native-platform-file-events.dll+0x46360]

Java frames: (J=compiled Java code, j=interpreted, Vv=VM code)
j  net.rubygrapefruit.platform.internal.jni.AbstractNativeFileEventFunctions$NativeFileWatcher.executeRunLoop0(Ljava/lang/Object;)V+0
j  net.rubygrapefruit.platform.internal.jni.AbstractNativeFileEventFunctions$NativeFileWatcher.executeRunLoop()V+5
j  net.rubygrapefruit.platform.internal.jni.AbstractFileEventFunctions$AbstractFileWatcher$1.run()V+21
v  ~StubRoutines::call_stub

siginfo: EXCEPTION_ACCESS_VIOLATION (0xc0000005), reading address 0x0000000000000000


Register to memory mapping:

RIP=0x00007ff80dfb6360 native-platform-file-events.dll
RAX=0x0 is NULL
RBX=0x0 is NULL
RCX=0x0000001a02afb428 is pointing into the stack for thread: 0x000001955ae97890
RDX=0x0 is NULL
RSP=0x0000001a7bdfe6a0 is pointing into the stack for thread: 0x0000019554e821e0
RBP=0x0000001a7bdff088 is pointing into the stack for thread: 0x0000019554e821e0
RSI=0x0000001a02afb420 is pointing into the stack for thread: 0x000001955ae97890
RDI=0x0000001a02afb3e0 is pointing into the stack for thread: 0x000001955ae97890
R8 =0x0000019535e41140 points into unknown readable memory: 0x0000019535e40cc0 | c0 0c e4 35 95 01 00 00
R9 =0x0000000000000001 is an unknown value
R10=0x0000000000008000 is an unknown value
R11=0x0000001a7bdfe350 is pointing into the stack for thread: 0x0000019554e821e0
R12=0x0 is NULL
R13={method} {0x0000019557c4c480} 'executeRunLoop0' '(Ljava/lang/Object;)V' in 'net/rubygrapefruit/platform/internal/jni/AbstractNativeFileEventFunctions$NativeFileWatcher'
R14=0x0 is NULL
R15=0x0000019554e821e0 is a thread


Registers:
RAX=0x0000000000000000, RBX=0x0000000000000000, RCX=0x0000001a02afb428, RDX=0x0000000000000000
RSP=0x0000001a7bdfe6a0, RBP=0x0000001a7bdff088, RSI=0x0000001a02afb420, RDI=0x0000001a02afb3e0
R8 =0x0000019535e41140, R9 =0x0000000000000001, R10=0x0000000000008000, R11=0x0000001a7bdfe350
R12=0x0000000000000000, R13=0x0000019557c4c478, R14=0x0000000000000000, R15=0x0000019554e821e0
RIP=0x00007ff80dfb6360, EFLAGS=0x0000000000010216

Top of Stack: (sp=0x0000001a7bdfe6a0)
0x0000001a7bdfe6a0:   00000000839b8088 000000008042ccd8
0x0000001a7bdfe6b0:   0000001a7bdfe6b0 00007ff80df93133
0x0000001a7bdfe6c0:   000001955ae8a0d8 00000195524c1750
0x0000001a7bdfe6d0:   000023685713e4cd 00007ff80df9da83
0x0000001a7bdfe6e0:   0000001a7bdff0b0 0000001a02afb3e0
0x0000001a7bdfe6f0:   00007ff80df8f150 00007ff80dfa709b
0x0000001a7bdfe700:   0000001a02afb420 00007ff80df720ef
0x0000001a7bdfe710:   0000000000000000 00007ff80df9bfae
0x0000001a7bdfe720:   000001955ae8a0d0 00007ff80df992a6
0x0000001a7bdfe730:   0000001a02afb420 0000000000000000
0x0000001a7bdfe740:   000001955ae8a0d0 00000195522cb9d0
0x0000001a7bdfe750:   0000000000000000 00007ff80dfa64c2
0x0000001a7bdfe760:   0000001a7bdfe7a0 0000001a02afb420
0x0000001a7bdfe770:   00007ff80df720ef 0000000000000000
0x0000001a7bdfe780:   000000008042cc01 00000000839b8128
0x0000001a7bdfe790:   00000000839b8088 000000008042caa0 

Instructions: (pc=0x00007ff80dfb6360)
0x00007ff80dfb6260:   7d 0b 00 48 89 01 48 83 c1 08 48 83 c4 28 48 ff
0x00007ff80dfb6270:   25 03 7e 0f 00 48 8d 05 94 7d 0b 00 45 33 c0 48
0x00007ff80dfb6280:   89 01 ba a0 0f 00 00 48 83 c1 08 48 83 c4 28 48
0x00007ff80dfb6290:   ff 25 0a 7e 0f 00 e8 8b c3 fb ff cc cc cc cc cc
0x00007ff80dfb62a0:   cc cc cc cc cc cc cc cc cc cc cc cc cc cc cc cc
0x00007ff80dfb62b0:   cc cc cc cc cc cc cc cc 48 83 c1 08 48 ff 25 ed
0x00007ff80dfb62c0:   7d 0f 00 cc cc cc cc cc c2 00 00 cc 48 83 c1 08
0x00007ff80dfb62d0:   48 ff 25 b9 7d 0f 00 cc cc cc cc cc 48 83 c1 08
0x00007ff80dfb62e0:   48 ff 25 a1 7d 0f 00 cc cc cc cc cc 48 89 5c 24
0x00007ff80dfb62f0:   18 56 57 41 56 48 83 ec 40 48 8b 05 48 3f 0e 00
0x00007ff80dfb6300:   48 33 c4 48 89 44 24 30 8b 01 4c 8b f2 0f ba f0
0x00007ff80dfb6310:   08 48 8b f1 83 f8 01 75 2c ff 15 21 7d 0f 00 39
0x00007ff80dfb6320:   46 48 74 19 48 8d 4e 08 48 8b 01 48 8b 00 ff 15
0x00007ff80dfb6330:   ec 9c 0f 00 ff 15 06 7d 0f 00 89 46 48 ff 46 4c
0x00007ff80dfb6340:   e9 f3 00 00 00 4d 85 f6 75 24 ff 15 f0 7c 0f 00
0x00007ff80dfb6350:   39 46 48 0f 84 9d 00 00 00 48 8d 4e 08 48 8b 01
0x00007ff80dfb6360:   48 8b 00 ff 15 b7 9c 0f 00 e9 88 00 00 00 48 83
0x00007ff80dfb6370:   3a 00 7c 62 75 06 83 7a 08 00 7e 5a ba 01 00 00
0x00007ff80dfb6380:   00 48 8d 4c 24 20 e8 30 e2 fb ff 48 8b 44 24 20
0x00007ff80dfb6390:   49 3b 06 7c 0c 75 7d 41 8b 46 08 39 44 24 28 7d
0x00007ff80dfb63a0:   73 ff 15 99 7c 0f 00 39 46 48 74 4a 48 8b 46 08
0x00007ff80dfb63b0:   48 8d 54 24 20 49 8b ce 48 8b 58 10 e8 44 ed fb
0x00007ff80dfb63c0:   ff 8b d0 48 8d 4e 08 48 8b c3 ff 15 50 9c 0f 00
0x00007ff80dfb63d0:   84 c0 75 22 eb a6 ff 15 64 7c 0f 00 39 46 48 74
0x00007ff80dfb63e0:   15 48 8d 4e 08 48 8b 01 48 8b 40 08 ff 15 2e 9c
0x00007ff80dfb63f0:   0f 00 84 c0 74 1e 8b 4e 4c 8d 41 01 89 46 4c 83
0x00007ff80dfb6400:   f8 01 7e 2b f7 06 00 01 00 00 75 2c 89 4e 4c 4d
0x00007ff80dfb6410:   85 f6 74 14 49 83 3e 00 75 07 41 83 7e 08 00 74
0x00007ff80dfb6420:   07 b8 02 00 00 00 eb 12 b8 03 00 00 00 eb 0b ff
0x00007ff80dfb6430:   15 0b 7c 0f 00 89 46 48 33 c0 48 8b 4c 24 30 48
0x00007ff80dfb6440:   33 cc e8 92 d7 fb ff 48 8b 5c 24 70 48 83 c4 40
0x00007ff80dfb6450:   41 5e 5f 5e c3 cc cc cc cc cc cc cc cc cc cc cc 


Stack slot to memory mapping:
stack at sp + 0 slots: 0x00000000839b8088 is an oop: java.util.concurrent.ConcurrentHashMap$Node 
{0x00000000839b8088} - klass: 'java/util/concurrent/ConcurrentHashMap$Node'
 - ---- fields (total size 4 words):
 - final 'hash' 'I' @12  1874485860 (6fba6264)
 - final 'key' 'Ljava/lang/Object;' @16  "com.android.build.gradle.internal.dsl.BundleOptionsAbi$AgpDecorated"{0x000000008449b938} (8449b938)
 - volatile 'val' 'Ljava/lang/Object;' @20  a 'java/lang/Object'{0x00000000839b80a8} (839b80a8)
 - volatile 'next' 'Ljava/util/concurrent/ConcurrentHashMap$Node;' @24  a 'java/util/concurrent/ConcurrentHashMap$Node'{0x000000008512e138} (8512e138)
stack at sp + 1 slots: 0x000000008042ccd8 is an oop: jdk.internal.loader.NativeLibraries$NativeLibraryImpl 
{0x000000008042ccd8} - klass: 'jdk/internal/loader/NativeLibraries$NativeLibraryImpl'
 - ---- fields (total size 5 words):
 - 'jniVersion' 'I' @12  65542 (10006)
 - 'handle' 'J' @16  140703362908160 (df70000 7ff8)
 - final 'isBuiltin' 'Z' @24  false
 - final 'isJNI' 'Z' @25  true
 - final 'fromClass' 'Ljava/lang/Class;' @28  a 'java/lang/Class'{0x000000008042cb98} = 'net/rubygrapefruit/platform/internal/NativeLibraryLoader' (8042cb98)
 - final 'name' 'Ljava/lang/String;' @32  "C:\Users\Dhino_Rahmad\.gradle\native\e376f236ea51e6404a007f0833ffe2c6e607c4080706a723a18a27aeea778392\windows-amd64\native-platform-file-events.dll"{0x00000000809478f8} (809478f8)
stack at sp + 2 slots: 0x0000001a7bdfe6b0 is pointing into the stack for thread: 0x0000019554e821e0
stack at sp + 3 slots: 0x00007ff80df93133 native-platform-file-events.dll
stack at sp + 4 slots: 0x000001955ae8a0d8 points into unknown readable memory: 0x000001955534d730 | 30 d7 34 55 95 01 00 00
stack at sp + 5 slots: 0x00000195524c1750 is pointing into metadata
stack at sp + 6 slots: 0x000023685713e4cd is an unknown value
stack at sp + 7 slots: 0x00007ff80df9da83 native-platform-file-events.dll


---------------  P R O C E S S  ---------------

Threads class SMR info:
_java_thread_list=0x00000195542d4be0, length=137, elements={
0x000001953801aea0, 0x0000019551ea5260, 0x0000019551ea5fe0, 0x0000019551e90c80,
0x0000019552837010, 0x00000195528376f0, 0x00000195528387d0, 0x00000195528397d0,
0x000001955283a180, 0x0000019552847fa0, 0x00000195529adf60, 0x00000195529d8860,
0x0000019555392020, 0x000001955504c3f0, 0x0000019553d513a0, 0x0000019554e029b0,
0x00000195551d78d0, 0x00000195542d8560, 0x000001955504b040, 0x0000019554e81840,
0x0000019554e81d10, 0x0000019554e80ea0, 0x0000019554e826b0, 0x0000019554e7f690,
0x0000019554e82b80, 0x0000019554e821e0, 0x0000019554e7f1c0, 0x0000019554e80500,
0x0000019554e7fb60, 0x0000019554e80030, 0x0000019554e81370, 0x0000019557518230,
0x00000195575173c0, 0x0000019557515210, 0x0000019557516a20, 0x0000019557514d40,
0x0000019557516550, 0x000001955887a5f0, 0x0000019558879c50, 0x000001955887b460,
0x000001955887aac0, 0x000001955887c2d0, 0x000001955887c7a0, 0x000001955887af90,
0x000001955887b930, 0x000001955887d140, 0x000001955887d610, 0x000001955887be00,
0x000001955372ff20, 0x000001955372d3d0, 0x000001955372b6f0, 0x000001955372fa50,
0x0000019553731730, 0x000001955372c090, 0x0000019553731c00, 0x000001955372ad50,
0x000001955372cf00, 0x000001955372f580, 0x000001955372e710, 0x000001955372d8a0,
0x000001955372f0b0, 0x000001955372ebe0, 0x00000195537303f0, 0x00000195537308c0,
0x000001955372dd70, 0x000001955372c560, 0x000001955372e240, 0x0000019553730d90,
0x0000019553731260, 0x000001955372ca30, 0x000001955372a880, 0x000001955372a3b0,
0x000001955372b220, 0x000001955372bbc0, 0x0000019554c86d40, 0x0000019554c84b90,
0x0000019554c85060, 0x0000019554c816a0, 0x0000019554c80d00, 0x0000019554c85a00,
0x0000019554c846c0, 0x0000019554c87bb0, 0x0000019554c83d20, 0x0000019554c88080,
0x0000019554c85ed0, 0x0000019554c83380, 0x0000019554c82eb0, 0x0000019554c87210,
0x0000019554c88550, 0x0000019554c85530, 0x0000019554c829e0, 0x0000019554c863a0,
0x0000019554c86870, 0x0000019554c811d0, 0x0000019554c876e0, 0x0000019554c83850,
0x0000019554c841f0, 0x0000019554c81b70, 0x0000019554c82040, 0x0000019554c82510,
0x00000195555d5d00, 0x00000195555d91f0, 0x00000195555d96c0, 0x00000195555d7510,
0x00000195555d3b50, 0x00000195555d3680, 0x00000195555d4020, 0x00000195555d9b90,
0x00000195555d66a0, 0x00000195555d4e90, 0x00000195555d8380, 0x00000195555da060,
0x00000195555d8d20, 0x00000195555d6b70, 0x00000195555d31b0, 0x00000195555d7eb0,
0x00000195555d79e0, 0x00000195555d61d0, 0x00000195555d8850, 0x00000195555da530,
0x00000195555d44f0, 0x00000195555daa00, 0x00000195555d49c0, 0x00000195555d5360,
0x00000195555d7040, 0x00000195575156e0, 0x0000019558789530, 0x000001955878c080,
0x000001955ae93ed0, 0x000001955ae96550, 0x000001955ae97890, 0x000001955ae973c0,
0x000001955ae98230, 0x000001955ae95bb0, 0x000001955ae99a40, 0x000001955ae96080,
0x000001955ae93060
}

Java Threads: ( => current thread )
  0x000001953801aea0 JavaThread "main" [_thread_blocked, id=12616, stack(0x0000001a79400000,0x0000001a79500000)]
  0x0000019551ea5260 JavaThread "Reference Handler" daemon [_thread_blocked, id=20632, stack(0x0000001a79b00000,0x0000001a79c00000)]
  0x0000019551ea5fe0 JavaThread "Finalizer" daemon [_thread_blocked, id=484, stack(0x0000001a79c00000,0x0000001a79d00000)]
  0x0000019551e90c80 JavaThread "Signal Dispatcher" daemon [_thread_blocked, id=5960, stack(0x0000001a79d00000,0x0000001a79e00000)]
  0x0000019552837010 JavaThread "Attach Listener" daemon [_thread_blocked, id=1276, stack(0x0000001a79e00000,0x0000001a79f00000)]
  0x00000195528376f0 JavaThread "Service Thread" daemon [_thread_blocked, id=17560, stack(0x0000001a79f00000,0x0000001a7a000000)]
  0x00000195528387d0 JavaThread "Monitor Deflation Thread" daemon [_thread_blocked, id=10028, stack(0x0000001a7a000000,0x0000001a7a100000)]
  0x00000195528397d0 JavaThread "C2 CompilerThread0" daemon [_thread_blocked, id=8368, stack(0x0000001a7a100000,0x0000001a7a200000)]
  0x000001955283a180 JavaThread "C1 CompilerThread0" daemon [_thread_blocked, id=13536, stack(0x0000001a7a200000,0x0000001a7a300000)]
  0x0000019552847fa0 JavaThread "Sweeper thread" daemon [_thread_blocked, id=6772, stack(0x0000001a7a300000,0x0000001a7a400000)]
  0x00000195529adf60 JavaThread "Common-Cleaner" daemon [_thread_blocked, id=4108, stack(0x0000001a7a400000,0x0000001a7a500000)]
  0x00000195529d8860 JavaThread "Notification Thread" daemon [_thread_blocked, id=11784, stack(0x0000001a7a500000,0x0000001a7a600000)]
  0x0000019555392020 JavaThread "Daemon health stats" [_thread_blocked, id=13976, stack(0x0000001a7ad00000,0x0000001a7ae00000)]
  0x000001955504c3f0 JavaThread "Incoming local TCP Connector on port 53571" [_thread_in_native, id=4404, stack(0x0000001a7a700000,0x0000001a7a800000)]
  0x0000019553d513a0 JavaThread "Daemon periodic checks" [_thread_blocked, id=8320, stack(0x0000001a7a800000,0x0000001a7a900000)]
  0x0000019554e029b0 JavaThread "Daemon" [_thread_blocked, id=11916, stack(0x0000001a7af00000,0x0000001a7b000000)]
  0x00000195551d78d0 JavaThread "Handler for socket connection from /127.0.0.1:53571 to /127.0.0.1:53572" [_thread_in_native, id=10400, stack(0x0000001a7b000000,0x0000001a7b100000)]
  0x00000195542d8560 JavaThread "Cancel handler" [_thread_blocked, id=11844, stack(0x0000001a7b100000,0x0000001a7b200000)]
  0x000001955504b040 JavaThread "Daemon worker" [_thread_blocked, id=13900, stack(0x0000001a7b200000,0x0000001a7b300000)]
  0x0000019554e81840 JavaThread "Asynchronous log dispatcher for DefaultDaemonConnection: socket connection from /127.0.0.1:53571 to /127.0.0.1:53572" [_thread_blocked, id=14332, stack(0x0000001a7b300000,0x0000001a7b400000)]
  0x0000019554e81d10 JavaThread "Stdin handler" [_thread_blocked, id=17600, stack(0x0000001a7b400000,0x0000001a7b500000)]
  0x0000019554e80ea0 JavaThread "Daemon client event forwarder" [_thread_blocked, id=20144, stack(0x0000001a7b500000,0x0000001a7b600000)]
  0x0000019554e826b0 JavaThread "Cache worker for journal cache (C:\Users\Dhino_Rahmad\.gradle\caches\journal-1)" [_thread_blocked, id=19156, stack(0x0000001a7b900000,0x0000001a7ba00000)]
  0x0000019554e7f690 JavaThread "File lock request listener" [_thread_in_native, id=7060, stack(0x0000001a7ba00000,0x0000001a7bb00000)]
  0x0000019554e82b80 JavaThread "Cache worker for file hash cache (C:\Users\Dhino_Rahmad\.gradle\caches\8.0\fileHashes)" [_thread_blocked, id=11876, stack(0x0000001a7bb00000,0x0000001a7bc00000)]
=>0x0000019554e821e0 JavaThread "File watcher server" daemon [_thread_in_native, id=1852, stack(0x0000001a7bd00000,0x0000001a7be00000)]
  0x0000019554e7f1c0 JavaThread "File watcher consumer" daemon [_thread_blocked, id=1456, stack(0x0000001a7be00000,0x0000001a7bf00000)]
  0x0000019554e80500 JavaThread "Cache worker for checksums cache (F:\Project\DevAndArt\.gradle\8.0\checksums)" [_thread_blocked, id=19480, stack(0x0000001a7bf00000,0x0000001a7c000000)]
  0x0000019554e7fb60 JavaThread "Cache worker for cache directory md-rule (C:\Users\Dhino_Rahmad\.gradle\caches\8.0\md-rule)" [_thread_blocked, id=8656, stack(0x0000001a7c000000,0x0000001a7c100000)]
  0x0000019554e80030 JavaThread "Cache worker for file content cache (C:\Users\Dhino_Rahmad\.gradle\caches\8.0\fileContent)" [_thread_blocked, id=14348, stack(0x0000001a7c100000,0x0000001a7c200000)]
  0x0000019554e81370 JavaThread "Cache worker for file hash cache (F:\Project\DevAndArt\.gradle\8.0\fileHashes)" [_thread_blocked, id=14428, stack(0x0000001a7c200000,0x0000001a7c300000)]
  0x0000019557518230 JavaThread "Cache worker for cache directory md-supplier (C:\Users\Dhino_Rahmad\.gradle\caches\8.0\md-supplier)" [_thread_blocked, id=1744, stack(0x0000001a7c300000,0x0000001a7c400000)]
  0x00000195575173c0 JavaThread "Cache worker for execution history cache (C:\Users\Dhino_Rahmad\.gradle\caches\8.0\executionHistory)" [_thread_blocked, id=16168, stack(0x0000001a7c400000,0x0000001a7c500000)]
  0x0000019557515210 JavaThread "jar transforms" [_thread_blocked, id=21220, stack(0x0000001a7bc00000,0x0000001a7bd00000)]
  0x0000019557516a20 JavaThread "jar transforms Thread 2" [_thread_blocked, id=17944, stack(0x0000001a7c500000,0x0000001a7c600000)]
  0x0000019557514d40 JavaThread "Cache worker for kotlin-dsl (C:\Users\Dhino_Rahmad\.gradle\caches\8.0\kotlin-dsl)" [_thread_blocked, id=14944, stack(0x0000001a7c700000,0x0000001a7c800000)]
  0x0000019557516550 JavaThread "jar transforms Thread 3" [_thread_blocked, id=2552, stack(0x0000001a7c800000,0x0000001a7c900000)]
  0x000001955887a5f0 JavaThread "jar transforms Thread 4" [_thread_blocked, id=9212, stack(0x0000001a7c900000,0x0000001a7ca00000)]
  0x0000019558879c50 JavaThread "Cache worker for dependencies-accessors (F:\Project\DevAndArt\.gradle\8.0\dependencies-accessors)" [_thread_blocked, id=21084, stack(0x0000001a7ca00000,0x0000001a7cb00000)]
  0x000001955887b460 JavaThread "Cache worker for Build Output Cleanup Cache (F:\Project\DevAndArt\.gradle\buildOutputCleanup)" [_thread_blocked, id=20504, stack(0x0000001a7cb00000,0x0000001a7cc00000)]
  0x000001955887aac0 JavaThread "jar transforms Thread 5" [_thread_blocked, id=5364, stack(0x0000001a7cc00000,0x0000001a7cd00000)]
  0x000001955887c2d0 JavaThread "Unconstrained build operations" [_thread_blocked, id=14508, stack(0x0000001a7cd00000,0x0000001a7ce00000)]
  0x000001955887c7a0 JavaThread "Unconstrained build operations Thread 2" [_thread_blocked, id=16948, stack(0x0000001a7ce00000,0x0000001a7cf00000)]
  0x000001955887af90 JavaThread "Unconstrained build operations Thread 3" [_thread_blocked, id=9720, stack(0x0000001a7cf00000,0x0000001a7d000000)]
  0x000001955887b930 JavaThread "Unconstrained build operations Thread 4" [_thread_blocked, id=6432, stack(0x0000001a7d000000,0x0000001a7d100000)]
  0x000001955887d140 JavaThread "Unconstrained build operations Thread 5" [_thread_blocked, id=15884, stack(0x0000001a7d100000,0x0000001a7d200000)]
  0x000001955887d610 JavaThread "Unconstrained build operations Thread 6" [_thread_blocked, id=8072, stack(0x0000001a7d200000,0x0000001a7d300000)]
  0x000001955887be00 JavaThread "Unconstrained build operations Thread 7" [_thread_blocked, id=8744, stack(0x0000001a7d300000,0x0000001a7d400000)]
  0x000001955372ff20 JavaThread "Unconstrained build operations Thread 8" [_thread_blocked, id=14280, stack(0x0000001a7d400000,0x0000001a7d500000)]
  0x000001955372d3d0 JavaThread "Unconstrained build operations Thread 9" [_thread_blocked, id=13124, stack(0x0000001a7d500000,0x0000001a7d600000)]
  0x000001955372b6f0 JavaThread "Unconstrained build operations Thread 10" [_thread_blocked, id=17504, stack(0x0000001a7d600000,0x0000001a7d700000)]
  0x000001955372fa50 JavaThread "Unconstrained build operations Thread 11" [_thread_blocked, id=1040, stack(0x0000001a7d700000,0x0000001a7d800000)]
  0x0000019553731730 JavaThread "Unconstrained build operations Thread 12" [_thread_blocked, id=20812, stack(0x0000001a7d800000,0x0000001a7d900000)]
  0x000001955372c090 JavaThread "Unconstrained build operations Thread 13" [_thread_blocked, id=6992, stack(0x0000001a7d900000,0x0000001a7da00000)]
  0x0000019553731c00 JavaThread "Unconstrained build operations Thread 14" [_thread_blocked, id=20180, stack(0x0000001a7da00000,0x0000001a7db00000)]
  0x000001955372ad50 JavaThread "Unconstrained build operations Thread 15" [_thread_blocked, id=16572, stack(0x0000001a7db00000,0x0000001a7dc00000)]
  0x000001955372cf00 JavaThread "Unconstrained build operations Thread 16" [_thread_blocked, id=8296, stack(0x0000001a7dc00000,0x0000001a7dd00000)]
  0x000001955372f580 JavaThread "Unconstrained build operations Thread 17" [_thread_blocked, id=14776, stack(0x0000001a7dd00000,0x0000001a7de00000)]
  0x000001955372e710 JavaThread "Unconstrained build operations Thread 18" [_thread_blocked, id=17352, stack(0x0000001a7de00000,0x0000001a7df00000)]
  0x000001955372d8a0 JavaThread "Unconstrained build operations Thread 19" [_thread_blocked, id=13560, stack(0x0000001a7df00000,0x0000001a7e000000)]
  0x000001955372f0b0 JavaThread "Unconstrained build operations Thread 20" [_thread_blocked, id=18984, stack(0x0000001a7e000000,0x0000001a7e100000)]
  0x000001955372ebe0 JavaThread "Unconstrained build operations Thread 21" [_thread_blocked, id=20040, stack(0x0000001a7e100000,0x0000001a7e200000)]
  0x00000195537303f0 JavaThread "Unconstrained build operations Thread 22" [_thread_blocked, id=19192, stack(0x0000001a7e200000,0x0000001a7e300000)]
  0x00000195537308c0 JavaThread "Unconstrained build operations Thread 23" [_thread_blocked, id=15192, stack(0x0000001a7e300000,0x0000001a7e400000)]
  0x000001955372dd70 JavaThread "Unconstrained build operations Thread 24" [_thread_blocked, id=10320, stack(0x0000001a7e400000,0x0000001a7e500000)]
  0x000001955372c560 JavaThread "Unconstrained build operations Thread 25" [_thread_blocked, id=14340, stack(0x0000001a7e500000,0x0000001a7e600000)]
  0x000001955372e240 JavaThread "Unconstrained build operations Thread 26" [_thread_blocked, id=16836, stack(0x0000001a7e600000,0x0000001a7e700000)]
  0x0000019553730d90 JavaThread "Unconstrained build operations Thread 27" [_thread_blocked, id=20964, stack(0x0000001a7e700000,0x0000001a7e800000)]
  0x0000019553731260 JavaThread "Unconstrained build operations Thread 28" [_thread_blocked, id=17448, stack(0x0000001a7e800000,0x0000001a7e900000)]
  0x000001955372ca30 JavaThread "Unconstrained build operations Thread 29" [_thread_blocked, id=7288, stack(0x0000001a7e900000,0x0000001a7ea00000)]
  0x000001955372a880 JavaThread "Unconstrained build operations Thread 30" [_thread_blocked, id=8456, stack(0x0000001a7ea00000,0x0000001a7eb00000)]
  0x000001955372a3b0 JavaThread "Unconstrained build operations Thread 31" [_thread_blocked, id=13896, stack(0x0000001a7eb00000,0x0000001a7ec00000)]
  0x000001955372b220 JavaThread "Unconstrained build operations Thread 32" [_thread_blocked, id=12336, stack(0x0000001a7ec00000,0x0000001a7ed00000)]
  0x000001955372bbc0 JavaThread "Unconstrained build operations Thread 33" [_thread_blocked, id=19852, stack(0x0000001a7ed00000,0x0000001a7ee00000)]
  0x0000019554c86d40 JavaThread "Unconstrained build operations Thread 34" [_thread_blocked, id=16472, stack(0x0000001a7ee00000,0x0000001a7ef00000)]
  0x0000019554c84b90 JavaThread "Unconstrained build operations Thread 35" [_thread_blocked, id=12496, stack(0x0000001a7ef00000,0x0000001a7f000000)]
  0x0000019554c85060 JavaThread "Unconstrained build operations Thread 36" [_thread_blocked, id=19148, stack(0x0000001a7f000000,0x0000001a7f100000)]
  0x0000019554c816a0 JavaThread "Unconstrained build operations Thread 37" [_thread_blocked, id=7216, stack(0x0000001a7f100000,0x0000001a7f200000)]
  0x0000019554c80d00 JavaThread "Unconstrained build operations Thread 38" [_thread_blocked, id=16708, stack(0x0000001a7f200000,0x0000001a7f300000)]
  0x0000019554c85a00 JavaThread "Unconstrained build operations Thread 39" [_thread_blocked, id=9076, stack(0x0000001a7f300000,0x0000001a7f400000)]
  0x0000019554c846c0 JavaThread "Unconstrained build operations Thread 40" [_thread_blocked, id=14888, stack(0x0000001a7f400000,0x0000001a7f500000)]
  0x0000019554c87bb0 JavaThread "Unconstrained build operations Thread 41" [_thread_blocked, id=11912, stack(0x0000001a7f500000,0x0000001a7f600000)]
  0x0000019554c83d20 JavaThread "Unconstrained build operations Thread 42" [_thread_blocked, id=12628, stack(0x0000001a7f600000,0x0000001a7f700000)]
  0x0000019554c88080 JavaThread "Unconstrained build operations Thread 43" [_thread_blocked, id=14580, stack(0x0000001a7f700000,0x0000001a7f800000)]
  0x0000019554c85ed0 JavaThread "Unconstrained build operations Thread 44" [_thread_blocked, id=12372, stack(0x0000001a7f800000,0x0000001a7f900000)]
  0x0000019554c83380 JavaThread "Unconstrained build operations Thread 45" [_thread_blocked, id=14420, stack(0x0000001a7f900000,0x0000001a7fa00000)]
  0x0000019554c82eb0 JavaThread "Unconstrained build operations Thread 46" [_thread_blocked, id=10572, stack(0x0000001a7fa00000,0x0000001a7fb00000)]
  0x0000019554c87210 JavaThread "Unconstrained build operations Thread 47" [_thread_blocked, id=10584, stack(0x0000001a7fb00000,0x0000001a7fc00000)]
  0x0000019554c88550 JavaThread "Unconstrained build operations Thread 48" [_thread_blocked, id=5008, stack(0x0000001a7fc00000,0x0000001a7fd00000)]
  0x0000019554c85530 JavaThread "Unconstrained build operations Thread 49" [_thread_blocked, id=21100, stack(0x0000001a7fd00000,0x0000001a7fe00000)]
  0x0000019554c829e0 JavaThread "Unconstrained build operations Thread 50" [_thread_blocked, id=3484, stack(0x0000001a7fe00000,0x0000001a7ff00000)]
  0x0000019554c863a0 JavaThread "Unconstrained build operations Thread 51" [_thread_blocked, id=13512, stack(0x0000001a7ff00000,0x0000001a80000000)]
  0x0000019554c86870 JavaThread "Unconstrained build operations Thread 52" [_thread_blocked, id=15092, stack(0x0000001a00000000,0x0000001a00100000)]
  0x0000019554c811d0 JavaThread "Unconstrained build operations Thread 53" [_thread_blocked, id=11088, stack(0x0000001a00100000,0x0000001a00200000)]
  0x0000019554c876e0 JavaThread "Unconstrained build operations Thread 54" [_thread_blocked, id=8232, stack(0x0000001a00200000,0x0000001a00300000)]
  0x0000019554c83850 JavaThread "Unconstrained build operations Thread 55" [_thread_blocked, id=16516, stack(0x0000001a00300000,0x0000001a00400000)]
  0x0000019554c841f0 JavaThread "Unconstrained build operations Thread 56" [_thread_blocked, id=7064, stack(0x0000001a00400000,0x0000001a00500000)]
  0x0000019554c81b70 JavaThread "Unconstrained build operations Thread 57" [_thread_blocked, id=15776, stack(0x0000001a00500000,0x0000001a00600000)]
  0x0000019554c82040 JavaThread "Unconstrained build operations Thread 58" [_thread_blocked, id=14540, stack(0x0000001a00600000,0x0000001a00700000)]
  0x0000019554c82510 JavaThread "Unconstrained build operations Thread 59" [_thread_blocked, id=7676, stack(0x0000001a00700000,0x0000001a00800000)]
  0x00000195555d5d00 JavaThread "Unconstrained build operations Thread 60" [_thread_blocked, id=21008, stack(0x0000001a00800000,0x0000001a00900000)]
  0x00000195555d91f0 JavaThread "Unconstrained build operations Thread 61" [_thread_blocked, id=17880, stack(0x0000001a00900000,0x0000001a00a00000)]
  0x00000195555d96c0 JavaThread "Unconstrained build operations Thread 62" [_thread_blocked, id=10864, stack(0x0000001a00a00000,0x0000001a00b00000)]
  0x00000195555d7510 JavaThread "Unconstrained build operations Thread 63" [_thread_blocked, id=13208, stack(0x0000001a00b00000,0x0000001a00c00000)]
  0x00000195555d3b50 JavaThread "Unconstrained build operations Thread 64" [_thread_blocked, id=9576, stack(0x0000001a00c00000,0x0000001a00d00000)]
  0x00000195555d3680 JavaThread "Unconstrained build operations Thread 65" [_thread_blocked, id=14520, stack(0x0000001a00d00000,0x0000001a00e00000)]
  0x00000195555d4020 JavaThread "Unconstrained build operations Thread 66" [_thread_blocked, id=11864, stack(0x0000001a00e00000,0x0000001a00f00000)]
  0x00000195555d9b90 JavaThread "Unconstrained build operations Thread 67" [_thread_blocked, id=15940, stack(0x0000001a00f00000,0x0000001a01000000)]
  0x00000195555d66a0 JavaThread "Unconstrained build operations Thread 68" [_thread_blocked, id=17920, stack(0x0000001a01000000,0x0000001a01100000)]
  0x00000195555d4e90 JavaThread "Unconstrained build operations Thread 69" [_thread_blocked, id=9572, stack(0x0000001a01100000,0x0000001a01200000)]
  0x00000195555d8380 JavaThread "Unconstrained build operations Thread 70" [_thread_blocked, id=11220, stack(0x0000001a01200000,0x0000001a01300000)]
  0x00000195555da060 JavaThread "Unconstrained build operations Thread 71" [_thread_blocked, id=18232, stack(0x0000001a01300000,0x0000001a01400000)]
  0x00000195555d8d20 JavaThread "Unconstrained build operations Thread 72" [_thread_blocked, id=3144, stack(0x0000001a01400000,0x0000001a01500000)]
  0x00000195555d6b70 JavaThread "Unconstrained build operations Thread 73" [_thread_blocked, id=18280, stack(0x0000001a01500000,0x0000001a01600000)]
  0x00000195555d31b0 JavaThread "Unconstrained build operations Thread 74" [_thread_blocked, id=15332, stack(0x0000001a01600000,0x0000001a01700000)]
  0x00000195555d7eb0 JavaThread "Unconstrained build operations Thread 75" [_thread_blocked, id=680, stack(0x0000001a01700000,0x0000001a01800000)]
  0x00000195555d79e0 JavaThread "Unconstrained build operations Thread 76" [_thread_blocked, id=11120, stack(0x0000001a01800000,0x0000001a01900000)]
  0x00000195555d61d0 JavaThread "Unconstrained build operations Thread 77" [_thread_blocked, id=17836, stack(0x0000001a01900000,0x0000001a01a00000)]
  0x00000195555d8850 JavaThread "Unconstrained build operations Thread 78" [_thread_blocked, id=16756, stack(0x0000001a01a00000,0x0000001a01b00000)]
  0x00000195555da530 JavaThread "Unconstrained build operations Thread 79" [_thread_blocked, id=18264, stack(0x0000001a01b00000,0x0000001a01c00000)]
  0x00000195555d44f0 JavaThread "Unconstrained build operations Thread 80" [_thread_blocked, id=16980, stack(0x0000001a01c00000,0x0000001a01d00000)]
  0x00000195555daa00 JavaThread "jar transforms Thread 6" [_thread_blocked, id=10212, stack(0x0000001a01d00000,0x0000001a01e00000)]
  0x00000195555d49c0 JavaThread "jar transforms Thread 7" [_thread_blocked, id=17056, stack(0x0000001a01e00000,0x0000001a01f00000)]
  0x00000195555d5360 JavaThread "jar transforms Thread 8" [_thread_blocked, id=3828, stack(0x0000001a01f00000,0x0000001a02000000)]
  0x00000195555d7040 JavaThread "build event listener" [_thread_blocked, id=9336, stack(0x0000001a02200000,0x0000001a02300000)]
  0x00000195575156e0 JavaThread "Memory manager" [_thread_blocked, id=7636, stack(0x0000001a02400000,0x0000001a02500000)]
  0x0000019558789530 JavaThread "pool-3-thread-1" [_thread_blocked, id=21072, stack(0x0000001a02600000,0x0000001a02700000)]
  0x000001955878c080 JavaThread "build event listener" [_thread_blocked, id=21036, stack(0x0000001a02700000,0x0000001a02800000)]
  0x000001955ae93ed0 JavaThread "included builds" [_thread_blocked, id=17732, stack(0x0000001a02800000,0x0000001a02900000)]
  0x000001955ae96550 JavaThread "Execution worker" [_thread_blocked, id=9828, stack(0x0000001a02900000,0x0000001a02a00000)]
  0x000001955ae97890 JavaThread "Execution worker Thread 2" [_thread_in_native, id=20724, stack(0x0000001a02a00000,0x0000001a02b00000)]
  0x000001955ae973c0 JavaThread "Execution worker Thread 3" [_thread_blocked, id=14808, stack(0x0000001a02b00000,0x0000001a02c00000)]
  0x000001955ae98230 JavaThread "Execution worker Thread 4" [_thread_blocked, id=6192, stack(0x0000001a02c00000,0x0000001a02d00000)]
  0x000001955ae95bb0 JavaThread "Execution worker Thread 5" [_thread_blocked, id=14032, stack(0x0000001a02d00000,0x0000001a02e00000)]
  0x000001955ae99a40 JavaThread "Execution worker Thread 6" [_thread_blocked, id=21500, stack(0x0000001a02e00000,0x0000001a02f00000)]
  0x000001955ae96080 JavaThread "Execution worker Thread 7" [_thread_blocked, id=5924, stack(0x0000001a02f00000,0x0000001a03000000)]
  0x000001955ae93060 JavaThread "Cache worker for execution history cache (F:\Project\DevAndArt\.gradle\8.0\executionHistory)" [_thread_blocked, id=8044, stack(0x0000001a03000000,0x0000001a03100000)]

Other Threads:
  0x0000019551e83420 VMThread "VM Thread" [stack: 0x0000001a79a00000,0x0000001a79b00000] [id=2468]
  0x00000195380a2010 WatcherThread [stack: 0x0000001a7a600000,0x0000001a7a700000] [id=19464]
  0x000001953807a110 GCTaskThread "GC Thread#0" [stack: 0x0000001a79500000,0x0000001a79600000] [id=14628]
  0x00000195537f4730 GCTaskThread "GC Thread#1" [stack: 0x0000001a7a900000,0x0000001a7aa00000] [id=15196]
  0x00000195537f49e0 GCTaskThread "GC Thread#2" [stack: 0x0000001a7aa00000,0x0000001a7ab00000] [id=3460]
  0x0000019553890a40 GCTaskThread "GC Thread#3" [stack: 0x0000001a7ab00000,0x0000001a7ac00000] [id=18604]
  0x0000019553c74d00 GCTaskThread "GC Thread#4" [stack: 0x0000001a7ac00000,0x0000001a7ad00000] [id=6156]
  0x0000019554355540 GCTaskThread "GC Thread#5" [stack: 0x0000001a7ae00000,0x0000001a7af00000] [id=2444]
  0x0000019554355aa0 GCTaskThread "GC Thread#6" [stack: 0x0000001a7b600000,0x0000001a7b700000] [id=17696]
  0x00000195543557f0 GCTaskThread "GC Thread#7" [stack: 0x0000001a7b700000,0x0000001a7b800000] [id=16556]
  0x000001953808af60 ConcurrentGCThread "G1 Main Marker" [stack: 0x0000001a79600000,0x0000001a79700000] [id=12976]
  0x000001953808d030 ConcurrentGCThread "G1 Conc#0" [stack: 0x0000001a79700000,0x0000001a79800000] [id=11248]
  0x0000019554355d50 ConcurrentGCThread "G1 Conc#1" [stack: 0x0000001a7b800000,0x0000001a7b900000] [id=14096]
  0x00000195380e55c0 ConcurrentGCThread "G1 Refine#0" [stack: 0x0000001a79800000,0x0000001a79900000] [id=3412]
  0x00000195380e5ef0 ConcurrentGCThread "G1 Service" [stack: 0x0000001a79900000,0x0000001a79a00000] [id=15976]

Threads with active compile tasks:

VM state: not at safepoint (normal execution)

VM Mutex/Monitor currently owned by a thread: None

Heap address: 0x0000000080000000, size: 2048 MB, Compressed Oops mode: 32-bit

CDS archive(s) not mapped
Compressed class space mapped at: 0x0000000100000000-0x0000000140000000, reserved size: 1073741824
Narrow klass base: 0x0000000000000000, Narrow klass shift: 3, Narrow klass range: 0x140000000

GC Precious Log:
 CPUs: 8 total, 8 available
 Memory: 8073M
 Large Page Support: Disabled
 NUMA Support: Disabled
 Compressed Oops: Enabled (32-bit)
 Heap Region Size: 1M
 Heap Min Capacity: 8M
 Heap Initial Capacity: 128M
 Heap Max Capacity: 2G
 Pre-touch: Disabled
 Parallel Workers: 8
 Concurrent Workers: 2
 Concurrent Refinement Workers: 8
 Periodic GC: Disabled

Heap:
 garbage-first heap   total 167936K, used 116263K [0x0000000080000000, 0x0000000100000000)
  region size 1024K, 26 young (26624K), 1 survivors (1024K)
 Metaspace       used 103078K, committed 103744K, reserved 1138688K
  class space    used 13939K, committed 14272K, reserved 1048576K

Heap Regions: E=young(eden), S=young(survivor), O=old, HS=humongous(starts), HC=humongous(continues), CS=collection set, F=free, OA=open archive, CA=closed archive, TAMS=top-at-mark-start (previous, next)
|   0|0x0000000080000000, 0x0000000080100000, 0x0000000080100000|100%|HS|  |TAMS 0x0000000080100000, 0x0000000080000000| Complete 
|   1|0x0000000080100000, 0x0000000080200000, 0x0000000080200000|100%|HC|  |TAMS 0x0000000080200000, 0x0000000080100000| Complete 
|   2|0x0000000080200000, 0x0000000080300000, 0x0000000080300000|100%|HC|  |TAMS 0x0000000080300000, 0x0000000080200000| Complete 
|   3|0x0000000080300000, 0x0000000080400000, 0x0000000080400000|100%|HC|  |TAMS 0x0000000080400000, 0x0000000080300000| Complete 
|   4|0x0000000080400000, 0x0000000080500000, 0x0000000080500000|100%| O|  |TAMS 0x0000000080500000, 0x0000000080400000| Untracked 
|   5|0x0000000080500000, 0x0000000080600000, 0x0000000080600000|100%| O|  |TAMS 0x0000000080600000, 0x0000000080500000| Untracked 
|   6|0x0000000080600000, 0x0000000080700000, 0x0000000080700000|100%| O|  |TAMS 0x0000000080700000, 0x0000000080600000| Untracked 
|   7|0x0000000080700000, 0x0000000080800000, 0x0000000080800000|100%| O|  |TAMS 0x0000000080800000, 0x0000000080700000| Untracked 
|   8|0x0000000080800000, 0x0000000080900000, 0x0000000080900000|100%| O|  |TAMS 0x0000000080900000, 0x0000000080800000| Untracked 
|   9|0x0000000080900000, 0x0000000080a00000, 0x0000000080a00000|100%| O|  |TAMS 0x0000000080a00000, 0x0000000080900000| Untracked 
|  10|0x0000000080a00000, 0x0000000080b00000, 0x0000000080b00000|100%| O|  |TAMS 0x0000000080b00000, 0x0000000080a00000| Untracked 
|  11|0x0000000080b00000, 0x0000000080c00000, 0x0000000080c00000|100%| O|  |TAMS 0x0000000080c00000, 0x0000000080b00000| Untracked 
|  12|0x0000000080c00000, 0x0000000080d00000, 0x0000000080d00000|100%| O|  |TAMS 0x0000000080d00000, 0x0000000080c00000| Untracked 
|  13|0x0000000080d00000, 0x0000000080e00000, 0x0000000080e00000|100%| O|  |TAMS 0x0000000080e00000, 0x0000000080d00000| Untracked 
|  14|0x0000000080e00000, 0x0000000080f00000, 0x0000000080f00000|100%| O|  |TAMS 0x0000000080f00000, 0x0000000080e00000| Untracked 
|  15|0x0000000080f00000, 0x0000000081000000, 0x0000000081000000|100%| O|  |TAMS 0x0000000081000000, 0x0000000080f00000| Untracked 
|  16|0x0000000081000000, 0x0000000081100000, 0x0000000081100000|100%| O|  |TAMS 0x0000000081100000, 0x0000000081000000| Untracked 
|  17|0x0000000081100000, 0x0000000081200000, 0x0000000081200000|100%| O|  |TAMS 0x0000000081200000, 0x0000000081100000| Untracked 
|  18|0x0000000081200000, 0x0000000081300000, 0x0000000081300000|100%| O|  |TAMS 0x0000000081300000, 0x0000000081200000| Untracked 
|  19|0x0000000081300000, 0x0000000081400000, 0x0000000081400000|100%| O|  |TAMS 0x0000000081400000, 0x0000000081300000| Untracked 
|  20|0x0000000081400000, 0x0000000081500000, 0x0000000081500000|100%| O|  |TAMS 0x0000000081500000, 0x0000000081400000| Untracked 
|  21|0x0000000081500000, 0x0000000081600000, 0x0000000081600000|100%| O|  |TAMS 0x0000000081600000, 0x0000000081500000| Untracked 
|  22|0x0000000081600000, 0x0000000081700000, 0x0000000081700000|100%| O|  |TAMS 0x0000000081700000, 0x0000000081600000| Untracked 
|  23|0x0000000081700000, 0x0000000081800000, 0x0000000081800000|100%| O|  |TAMS 0x0000000081800000, 0x0000000081700000| Untracked 
|  24|0x0000000081800000, 0x0000000081900000, 0x0000000081900000|100%| O|  |TAMS 0x0000000081900000, 0x0000000081800000| Untracked 
|  25|0x0000000081900000, 0x0000000081a00000, 0x0000000081a00000|100%| O|  |TAMS 0x0000000081a00000, 0x0000000081900000| Untracked 
|  26|0x0000000081a00000, 0x0000000081a00000, 0x0000000081b00000|  0%| F|  |TAMS 0x0000000081a00000, 0x0000000081a00000| Untracked 
|  27|0x0000000081b00000, 0x0000000081c00000, 0x0000000081c00000|100%| O|  |TAMS 0x0000000081c00000, 0x0000000081b00000| Untracked 
|  28|0x0000000081c00000, 0x0000000081d00000, 0x0000000081d00000|100%| O|  |TAMS 0x0000000081d00000, 0x0000000081c00000| Untracked 
|  29|0x0000000081d00000, 0x0000000081e00000, 0x0000000081e00000|100%|HS|  |TAMS 0x0000000081e00000, 0x0000000081d00000| Complete 
|  30|0x0000000081e00000, 0x0000000081f00000, 0x0000000081f00000|100%|HS|  |TAMS 0x0000000081f00000, 0x0000000081e00000| Complete 
|  31|0x0000000081f00000, 0x0000000082000000, 0x0000000082000000|100%|HC|  |TAMS 0x0000000082000000, 0x0000000081f00000| Complete 
|  32|0x0000000082000000, 0x0000000082100000, 0x0000000082100000|100%|HS|  |TAMS 0x0000000082100000, 0x0000000082000000| Complete 
|  33|0x0000000082100000, 0x0000000082200000, 0x0000000082200000|100%|HS|  |TAMS 0x0000000082200000, 0x0000000082100000| Complete 
|  34|0x0000000082200000, 0x0000000082300000, 0x0000000082300000|100%|HC|  |TAMS 0x0000000082300000, 0x0000000082200000| Complete 
|  35|0x0000000082300000, 0x0000000082400000, 0x0000000082400000|100%|HC|  |TAMS 0x0000000082400000, 0x0000000082300000| Complete 
|  36|0x0000000082400000, 0x0000000082500000, 0x0000000082500000|100%|HC|  |TAMS 0x0000000082500000, 0x0000000082400000| Complete 
|  37|0x0000000082500000, 0x0000000082600000, 0x0000000082600000|100%| O|  |TAMS 0x0000000082600000, 0x0000000082500000| Untracked 
|  38|0x0000000082600000, 0x0000000082700000, 0x0000000082700000|100%| O|  |TAMS 0x0000000082700000, 0x0000000082600000| Untracked 
|  39|0x0000000082700000, 0x0000000082800000, 0x0000000082800000|100%| O|  |TAMS 0x0000000082800000, 0x0000000082700000| Untracked 
|  40|0x0000000082800000, 0x0000000082900000, 0x0000000082900000|100%| O|  |TAMS 0x0000000082900000, 0x0000000082800000| Untracked 
|  41|0x0000000082900000, 0x0000000082a00000, 0x0000000082a00000|100%| O|  |TAMS 0x0000000082a00000, 0x0000000082900000| Untracked 
|  42|0x0000000082a00000, 0x0000000082b00000, 0x0000000082b00000|100%| O|  |TAMS 0x0000000082b00000, 0x0000000082a00000| Untracked 
|  43|0x0000000082b00000, 0x0000000082c00000, 0x0000000082c00000|100%| O|  |TAMS 0x0000000082c00000, 0x0000000082b00000| Untracked 
|  44|0x0000000082c00000, 0x0000000082d00000, 0x0000000082d00000|100%| O|  |TAMS 0x0000000082c00000, 0x0000000082c00000| Untracked 
|  45|0x0000000082d00000, 0x0000000082e00000, 0x0000000082e00000|100%| O|  |TAMS 0x0000000082e00000, 0x0000000082d00000| Untracked 
|  46|0x0000000082e00000, 0x0000000082f00000, 0x0000000082f00000|100%| O|  |TAMS 0x0000000082f00000, 0x0000000082e00000| Untracked 
|  47|0x0000000082f00000, 0x0000000083000000, 0x0000000083000000|100%| O|  |TAMS 0x0000000083000000, 0x0000000082f00000| Untracked 
|  48|0x0000000083000000, 0x0000000083100000, 0x0000000083100000|100%| O|  |TAMS 0x0000000083100000, 0x0000000083000000| Untracked 
|  49|0x0000000083100000, 0x0000000083200000, 0x0000000083200000|100%| O|  |TAMS 0x0000000083200000, 0x0000000083100000| Untracked 
|  50|0x0000000083200000, 0x0000000083300000, 0x0000000083300000|100%| O|  |TAMS 0x0000000083300000, 0x0000000083200000| Untracked 
|  51|0x0000000083300000, 0x0000000083400000, 0x0000000083400000|100%| O|  |TAMS 0x0000000083400000, 0x0000000083300000| Untracked 
|  52|0x0000000083400000, 0x0000000083500000, 0x0000000083500000|100%| O|  |TAMS 0x0000000083500000, 0x0000000083400000| Untracked 
|  53|0x0000000083500000, 0x0000000083600000, 0x0000000083600000|100%| O|  |TAMS 0x0000000083600000, 0x0000000083500000| Untracked 
|  54|0x0000000083600000, 0x0000000083700000, 0x0000000083700000|100%| O|  |TAMS 0x0000000083700000, 0x0000000083600000| Untracked 
|  55|0x0000000083700000, 0x0000000083800000, 0x0000000083800000|100%| O|  |TAMS 0x0000000083800000, 0x0000000083700000| Untracked 
|  56|0x0000000083800000, 0x0000000083900000, 0x0000000083900000|100%| O|  |TAMS 0x0000000083900000, 0x0000000083800000| Untracked 
|  57|0x0000000083900000, 0x0000000083a00000, 0x0000000083a00000|100%| O|  |TAMS 0x0000000083a00000, 0x0000000083900000| Untracked 
|  58|0x0000000083a00000, 0x0000000083b00000, 0x0000000083b00000|100%| O|  |TAMS 0x0000000083b00000, 0x0000000083a00000| Untracked 
|  59|0x0000000083b00000, 0x0000000083c00000, 0x0000000083c00000|100%| O|  |TAMS 0x0000000083c00000, 0x0000000083b00000| Untracked 
|  60|0x0000000083c00000, 0x0000000083d00000, 0x0000000083d00000|100%| O|  |TAMS 0x0000000083d00000, 0x0000000083c00000| Untracked 
|  61|0x0000000083d00000, 0x0000000083e00000, 0x0000000083e00000|100%| O|  |TAMS 0x0000000083e00000, 0x0000000083d00000| Untracked 
|  62|0x0000000083e00000, 0x0000000083f00000, 0x0000000083f00000|100%| O|  |TAMS 0x0000000083f00000, 0x0000000083e00000| Untracked 
|  63|0x0000000083f00000, 0x0000000084000000, 0x0000000084000000|100%| O|  |TAMS 0x0000000084000000, 0x0000000083f00000| Untracked 
|  64|0x0000000084000000, 0x0000000084100000, 0x0000000084100000|100%| O|  |TAMS 0x0000000084100000, 0x0000000084000000| Untracked 
|  65|0x0000000084100000, 0x0000000084200000, 0x0000000084200000|100%| O|  |TAMS 0x0000000084200000, 0x0000000084100000| Untracked 
|  66|0x0000000084200000, 0x0000000084300000, 0x0000000084300000|100%| O|  |TAMS 0x0000000084300000, 0x0000000084200000| Untracked 
|  67|0x0000000084300000, 0x0000000084400000, 0x0000000084400000|100%| O|  |TAMS 0x0000000084400000, 0x0000000084300000| Untracked 
|  68|0x0000000084400000, 0x0000000084500000, 0x0000000084500000|100%| O|  |TAMS 0x0000000084500000, 0x0000000084400000| Untracked 
|  69|0x0000000084500000, 0x0000000084600000, 0x0000000084600000|100%| O|  |TAMS 0x0000000084600000, 0x0000000084500000| Untracked 
|  70|0x0000000084600000, 0x0000000084700000, 0x0000000084700000|100%| O|  |TAMS 0x0000000084700000, 0x0000000084600000| Untracked 
|  71|0x0000000084700000, 0x0000000084800000, 0x0000000084800000|100%| O|  |TAMS 0x0000000084800000, 0x0000000084700000| Untracked 
|  72|0x0000000084800000, 0x0000000084900000, 0x0000000084900000|100%| O|  |TAMS 0x0000000084900000, 0x0000000084800000| Untracked 
|  73|0x0000000084900000, 0x0000000084a00000, 0x0000000084a00000|100%| O|  |TAMS 0x0000000084a00000, 0x0000000084900000| Untracked 
|  74|0x0000000084a00000, 0x0000000084b00000, 0x0000000084b00000|100%| O|  |TAMS 0x0000000084b00000, 0x0000000084a00000| Untracked 
|  75|0x0000000084b00000, 0x0000000084c00000, 0x0000000084c00000|100%| O|  |TAMS 0x0000000084c00000, 0x0000000084b00000| Untracked 
|  76|0x0000000084c00000, 0x0000000084d00000, 0x0000000084d00000|100%| O|  |TAMS 0x0000000084d00000, 0x0000000084c00000| Untracked 
|  77|0x0000000084d00000, 0x0000000084e00000, 0x0000000084e00000|100%| O|  |TAMS 0x0000000084e00000, 0x0000000084d00000| Untracked 
|  78|0x0000000084e00000, 0x0000000084f00000, 0x0000000084f00000|100%| O|  |TAMS 0x0000000084f00000, 0x0000000084e00000| Untracked 
|  79|0x0000000084f00000, 0x0000000085000000, 0x0000000085000000|100%| O|  |TAMS 0x0000000085000000, 0x0000000084f00000| Untracked 
|  80|0x0000000085000000, 0x0000000085100000, 0x0000000085100000|100%| O|  |TAMS 0x0000000085100000, 0x0000000085000000| Untracked 
|  81|0x0000000085100000, 0x0000000085200000, 0x0000000085200000|100%| O|  |TAMS 0x00000000851e7400, 0x0000000085100000| Untracked 
|  82|0x0000000085200000, 0x0000000085300000, 0x0000000085300000|100%| O|  |TAMS 0x0000000085200000, 0x0000000085200000| Untracked 
|  83|0x0000000085300000, 0x0000000085400000, 0x0000000085400000|100%| O|  |TAMS 0x0000000085300000, 0x0000000085300000| Untracked 
|  84|0x0000000085400000, 0x0000000085500000, 0x0000000085500000|100%| O|  |TAMS 0x0000000085400000, 0x0000000085400000| Untracked 
|  85|0x0000000085500000, 0x0000000085600000, 0x0000000085600000|100%| O|  |TAMS 0x0000000085500000, 0x0000000085500000| Untracked 
|  86|0x0000000085600000, 0x0000000085700000, 0x0000000085700000|100%| O|  |TAMS 0x0000000085600000, 0x0000000085600000| Untracked 
|  87|0x0000000085700000, 0x0000000085800000, 0x0000000085800000|100%| O|  |TAMS 0x0000000085700000, 0x0000000085700000| Untracked 
|  88|0x0000000085800000, 0x0000000085900000, 0x0000000085900000|100%| O|  |TAMS 0x0000000085800000, 0x0000000085800000| Untracked 
|  89|0x0000000085900000, 0x0000000085a00000, 0x0000000085a00000|100%| O|  |TAMS 0x0000000085900000, 0x0000000085900000| Untracked 
|  90|0x0000000085a00000, 0x0000000085a89e00, 0x0000000085b00000| 53%| O|  |TAMS 0x0000000085a00000, 0x0000000085a00000| Untracked 
|  91|0x0000000085b00000, 0x0000000085b00000, 0x0000000085c00000|  0%| F|  |TAMS 0x0000000085b00000, 0x0000000085b00000| Untracked 
|  92|0x0000000085c00000, 0x0000000085c00000, 0x0000000085d00000|  0%| F|  |TAMS 0x0000000085c00000, 0x0000000085c00000| Untracked 
|  93|0x0000000085d00000, 0x0000000085d00000, 0x0000000085e00000|  0%| F|  |TAMS 0x0000000085d00000, 0x0000000085d00000| Untracked 
|  94|0x0000000085e00000, 0x0000000085e00000, 0x0000000085f00000|  0%| F|  |TAMS 0x0000000085e00000, 0x0000000085e00000| Untracked 
|  95|0x0000000085f00000, 0x0000000085f00000, 0x0000000086000000|  0%| F|  |TAMS 0x0000000085f00000, 0x0000000085f00000| Untracked 
|  96|0x0000000086000000, 0x0000000086000000, 0x0000000086100000|  0%| F|  |TAMS 0x0000000086000000, 0x0000000086000000| Untracked 
|  97|0x0000000086100000, 0x0000000086100000, 0x0000000086200000|  0%| F|  |TAMS 0x0000000086100000, 0x0000000086100000| Untracked 
|  98|0x0000000086200000, 0x0000000086200000, 0x0000000086300000|  0%| F|  |TAMS 0x0000000086200000, 0x0000000086200000| Untracked 
|  99|0x0000000086300000, 0x0000000086300000, 0x0000000086400000|  0%| F|  |TAMS 0x0000000086300000, 0x0000000086300000| Untracked 
| 100|0x0000000086400000, 0x0000000086400000, 0x0000000086500000|  0%| F|  |TAMS 0x0000000086400000, 0x0000000086400000| Untracked 
| 101|0x0000000086500000, 0x0000000086500000, 0x0000000086600000|  0%| F|  |TAMS 0x0000000086500000, 0x0000000086500000| Untracked 
| 102|0x0000000086600000, 0x0000000086600000, 0x0000000086700000|  0%| F|  |TAMS 0x0000000086600000, 0x0000000086600000| Untracked 
| 103|0x0000000086700000, 0x0000000086700000, 0x0000000086800000|  0%| F|  |TAMS 0x0000000086700000, 0x0000000086700000| Untracked 
| 104|0x0000000086800000, 0x0000000086800000, 0x0000000086900000|  0%| F|  |TAMS 0x0000000086800000, 0x0000000086800000| Untracked 
| 105|0x0000000086900000, 0x0000000086900000, 0x0000000086a00000|  0%| F|  |TAMS 0x0000000086900000, 0x0000000086900000| Untracked 
| 106|0x0000000086a00000, 0x0000000086a00000, 0x0000000086b00000|  0%| F|  |TAMS 0x0000000086a00000, 0x0000000086a00000| Untracked 
| 107|0x0000000086b00000, 0x0000000086b00000, 0x0000000086c00000|  0%| F|  |TAMS 0x0000000086b00000, 0x0000000086b00000| Untracked 
| 108|0x0000000086c00000, 0x0000000086c00000, 0x0000000086d00000|  0%| F|  |TAMS 0x0000000086c00000, 0x0000000086c00000| Untracked 
| 109|0x0000000086d00000, 0x0000000086d00000, 0x0000000086e00000|  0%| F|  |TAMS 0x0000000086d00000, 0x0000000086d00000| Untracked 
| 110|0x0000000086e00000, 0x0000000086e00000, 0x0000000086f00000|  0%| F|  |TAMS 0x0000000086e00000, 0x0000000086e00000| Untracked 
| 111|0x0000000086f00000, 0x0000000086f00000, 0x0000000087000000|  0%| F|  |TAMS 0x0000000086f00000, 0x0000000086f00000| Untracked 
| 112|0x0000000087000000, 0x0000000087000000, 0x0000000087100000|  0%| F|  |TAMS 0x0000000087000000, 0x0000000087000000| Untracked 
| 113|0x0000000087100000, 0x0000000087100000, 0x0000000087200000|  0%| F|  |TAMS 0x0000000087100000, 0x0000000087100000| Untracked 
| 114|0x0000000087200000, 0x0000000087200000, 0x0000000087300000|  0%| F|  |TAMS 0x0000000087200000, 0x0000000087200000| Untracked 
| 115|0x0000000087300000, 0x0000000087300000, 0x0000000087400000|  0%| F|  |TAMS 0x0000000087300000, 0x0000000087300000| Untracked 
| 116|0x0000000087400000, 0x0000000087400000, 0x0000000087500000|  0%| F|  |TAMS 0x0000000087400000, 0x0000000087400000| Untracked 
| 117|0x0000000087500000, 0x0000000087500000, 0x0000000087600000|  0%| F|  |TAMS 0x0000000087500000, 0x0000000087500000| Untracked 
| 118|0x0000000087600000, 0x0000000087600000, 0x0000000087700000|  0%| F|  |TAMS 0x0000000087600000, 0x0000000087600000| Untracked 
| 119|0x0000000087700000, 0x0000000087700000, 0x0000000087800000|  0%| F|  |TAMS 0x0000000087700000, 0x0000000087700000| Untracked 
| 120|0x0000000087800000, 0x0000000087800000, 0x0000000087900000|  0%| F|  |TAMS 0x0000000087800000, 0x0000000087800000| Untracked 
| 121|0x0000000087900000, 0x0000000087900000, 0x0000000087a00000|  0%| F|  |TAMS 0x0000000087900000, 0x0000000087900000| Untracked 
| 122|0x0000000087a00000, 0x0000000087a00000, 0x0000000087b00000|  0%| F|  |TAMS 0x0000000087a00000, 0x0000000087a00000| Untracked 
| 123|0x0000000087b00000, 0x0000000087b00000, 0x0000000087c00000|  0%| F|  |TAMS 0x0000000087b00000, 0x0000000087b00000| Untracked 
| 124|0x0000000087c00000, 0x0000000087c00000, 0x0000000087d00000|  0%| F|  |TAMS 0x0000000087c00000, 0x0000000087c00000| Untracked 
| 125|0x0000000087d00000, 0x0000000087d00000, 0x0000000087e00000|  0%| F|  |TAMS 0x0000000087d00000, 0x0000000087d00000| Untracked 
| 126|0x0000000087e00000, 0x0000000087e00000, 0x0000000087f00000|  0%| F|  |TAMS 0x0000000087e00000, 0x0000000087e00000| Untracked 
| 127|0x0000000087f00000, 0x0000000087f00000, 0x0000000088000000|  0%| F|  |TAMS 0x0000000087f00000, 0x0000000087f00000| Untracked 
| 128|0x0000000088000000, 0x0000000088000000, 0x0000000088100000|  0%| F|  |TAMS 0x0000000088000000, 0x0000000088000000| Untracked 
| 129|0x0000000088100000, 0x0000000088100000, 0x0000000088200000|  0%| F|  |TAMS 0x0000000088100000, 0x0000000088100000| Untracked 
| 130|0x0000000088200000, 0x0000000088200000, 0x0000000088300000|  0%| F|  |TAMS 0x0000000088200000, 0x0000000088200000| Untracked 
| 131|0x0000000088300000, 0x0000000088300000, 0x0000000088400000|  0%| F|  |TAMS 0x0000000088300000, 0x0000000088300000| Untracked 
| 132|0x0000000088400000, 0x0000000088400000, 0x0000000088500000|  0%| F|  |TAMS 0x0000000088400000, 0x0000000088400000| Untracked 
| 133|0x0000000088500000, 0x0000000088500000, 0x0000000088600000|  0%| F|  |TAMS 0x0000000088500000, 0x0000000088500000| Untracked 
| 134|0x0000000088600000, 0x0000000088600000, 0x0000000088700000|  0%| F|  |TAMS 0x0000000088600000, 0x0000000088600000| Untracked 
| 135|0x0000000088700000, 0x0000000088700000, 0x0000000088800000|  0%| F|  |TAMS 0x0000000088700000, 0x0000000088700000| Untracked 
| 136|0x0000000088800000, 0x0000000088800000, 0x0000000088900000|  0%| F|  |TAMS 0x0000000088800000, 0x0000000088800000| Untracked 
| 137|0x0000000088900000, 0x0000000088900000, 0x0000000088a00000|  0%| F|  |TAMS 0x0000000088900000, 0x0000000088900000| Untracked 
| 138|0x0000000088a00000, 0x0000000088a37980, 0x0000000088b00000| 21%| E|  |TAMS 0x0000000088a00000, 0x0000000088a00000| Complete 
| 139|0x0000000088b00000, 0x0000000088c00000, 0x0000000088c00000|100%| E|CS|TAMS 0x0000000088b00000, 0x0000000088b00000| Complete 
| 140|0x0000000088c00000, 0x0000000088d00000, 0x0000000088d00000|100%| E|CS|TAMS 0x0000000088c00000, 0x0000000088c00000| Complete 
| 141|0x0000000088d00000, 0x0000000088e00000, 0x0000000088e00000|100%| E|CS|TAMS 0x0000000088d00000, 0x0000000088d00000| Complete 
| 142|0x0000000088e00000, 0x0000000088f00000, 0x0000000088f00000|100%| E|CS|TAMS 0x0000000088e00000, 0x0000000088e00000| Complete 
| 143|0x0000000088f00000, 0x0000000089000000, 0x0000000089000000|100%| E|CS|TAMS 0x0000000088f00000, 0x0000000088f00000| Complete 
| 144|0x0000000089000000, 0x0000000089100000, 0x0000000089100000|100%| E|CS|TAMS 0x0000000089000000, 0x0000000089000000| Complete 
| 145|0x0000000089100000, 0x0000000089200000, 0x0000000089200000|100%| E|CS|TAMS 0x0000000089100000, 0x0000000089100000| Complete 
| 146|0x0000000089200000, 0x0000000089300000, 0x0000000089300000|100%| E|CS|TAMS 0x0000000089200000, 0x0000000089200000| Complete 
| 147|0x0000000089300000, 0x0000000089400000, 0x0000000089400000|100%| E|CS|TAMS 0x0000000089300000, 0x0000000089300000| Complete 
| 148|0x0000000089400000, 0x0000000089500000, 0x0000000089500000|100%| E|CS|TAMS 0x0000000089400000, 0x0000000089400000| Complete 
| 149|0x0000000089500000, 0x0000000089600000, 0x0000000089600000|100%| E|CS|TAMS 0x0000000089500000, 0x0000000089500000| Complete 
| 150|0x0000000089600000, 0x0000000089700000, 0x0000000089700000|100%| E|CS|TAMS 0x0000000089600000, 0x0000000089600000| Complete 
| 151|0x0000000089700000, 0x0000000089800000, 0x0000000089800000|100%| E|CS|TAMS 0x0000000089700000, 0x0000000089700000| Complete 
| 152|0x0000000089800000, 0x0000000089900000, 0x0000000089900000|100%| E|CS|TAMS 0x0000000089800000, 0x0000000089800000| Complete 
| 153|0x0000000089900000, 0x0000000089a00000, 0x0000000089a00000|100%| E|CS|TAMS 0x0000000089900000, 0x0000000089900000| Complete 
| 154|0x0000000089a00000, 0x0000000089b00000, 0x0000000089b00000|100%| E|CS|TAMS 0x0000000089a00000, 0x0000000089a00000| Complete 
| 155|0x0000000089b00000, 0x0000000089c00000, 0x0000000089c00000|100%| E|CS|TAMS 0x0000000089b00000, 0x0000000089b00000| Complete 
| 156|0x0000000089c00000, 0x0000000089d00000, 0x0000000089d00000|100%| E|CS|TAMS 0x0000000089c00000, 0x0000000089c00000| Complete 
| 157|0x0000000089d00000, 0x0000000089e00000, 0x0000000089e00000|100%| E|  |TAMS 0x0000000089d00000, 0x0000000089d00000| Complete 
| 158|0x0000000089e00000, 0x0000000089f00000, 0x0000000089f00000|100%| E|CS|TAMS 0x0000000089e00000, 0x0000000089e00000| Complete 
| 159|0x0000000089f00000, 0x000000008a000000, 0x000000008a000000|100%| E|CS|TAMS 0x0000000089f00000, 0x0000000089f00000| Complete 
| 160|0x000000008a000000, 0x000000008a100000, 0x000000008a100000|100%| S|CS|TAMS 0x000000008a000000, 0x000000008a000000| Complete 
| 161|0x000000008a100000, 0x000000008a200000, 0x000000008a200000|100%| E|CS|TAMS 0x000000008a100000, 0x000000008a100000| Complete 
| 162|0x000000008a200000, 0x000000008a300000, 0x000000008a300000|100%| E|CS|TAMS 0x000000008a200000, 0x000000008a200000| Complete 
| 163|0x000000008a300000, 0x000000008a400000, 0x000000008a400000|100%| E|CS|TAMS 0x000000008a300000, 0x000000008a300000| Complete 

Card table byte_map: [0x000001954ac20000,0x000001954b020000] _byte_map_base: 0x000001954a820000

Marking Bits (Prev, Next): (CMBitMap*) 0x000001953807a670, (CMBitMap*) 0x000001953807a630
 Prev Bits: [0x000001954d420000, 0x000001954f420000)
 Next Bits: [0x000001954b420000, 0x000001954d420000)

Polling page: 0x0000019535ef0000

Metaspace:

Usage:
  Non-class:     87.05 MB used.
      Class:     13.61 MB used.
       Both:    100.66 MB used.

Virtual space:
  Non-class space:       88.00 MB reserved,      87.38 MB (>99%) committed,  11 nodes.
      Class space:        1.00 GB reserved,      13.94 MB (  1%) committed,  1 nodes.
             Both:        1.09 GB reserved,     101.31 MB (  9%) committed. 

Chunk freelists:
   Non-Class:  144.00 KB
       Class:  1.97 MB
        Both:  2.11 MB

MaxMetaspaceSize: unlimited
CompressedClassSpaceSize: 1.00 GB
Initial GC threshold: 21.00 MB
Current GC threshold: 165.25 MB
CDS: off
MetaspaceReclaimPolicy: balanced
 - commit_granule_bytes: 65536.
 - commit_granule_words: 8192.
 - virtual_space_node_default_size: 1048576.
 - enlarge_chunks_in_place: 1.
 - new_chunks_are_fully_committed: 0.
 - uncommit_free_chunks: 1.
 - use_allocation_guard: 0.
 - handle_deallocations: 1.


Internal statistics:

num_allocs_failed_limit: 9.
num_arena_births: 978.
num_arena_deaths: 0.
num_vsnodes_births: 12.
num_vsnodes_deaths: 0.
num_space_committed: 1621.
num_space_uncommitted: 0.
num_chunks_returned_to_freelist: 9.
num_chunks_taken_from_freelist: 4596.
num_chunk_merges: 3.
num_chunk_splits: 3091.
num_chunks_enlarged: 2139.
num_purges: 0.
num_inconsistent_stats: 0.

CodeHeap 'non-profiled nmethods': size=120000Kb used=5487Kb max_used=5693Kb free=114512Kb
 bounds [0x0000019542fc0000, 0x0000019543550000, 0x000001954a4f0000]
CodeHeap 'profiled nmethods': size=120000Kb used=17212Kb max_used=17418Kb free=102788Kb
 bounds [0x000001953b4f0000, 0x000001953c640000, 0x0000019542a20000]
CodeHeap 'non-nmethods': size=5760Kb used=2436Kb max_used=2524Kb free=3323Kb
 bounds [0x0000019542a20000, 0x0000019542cb0000, 0x0000019542fc0000]
 total_blobs=10003 nmethods=9026 adapters=889
 compilation: enabled
              stopped_count=0, restarted_count=0
 full_count=0

Compilation events (20 events):
Event: 45.557 Thread 0x000001955283a180 10561   !   3       org.gradle.internal.serialize.kryo.KryoBackedDecoder::readSmallInt (16 bytes)
Event: 45.558 Thread 0x000001955283a180 nmethod 10561 0x000001953bc51110 code [0x000001953bc51320, 0x000001953bc51928]
Event: 47.538 Thread 0x00000195528397d0 10562       4       java.util.stream.Sink$ChainedReference::<init> (16 bytes)
Event: 47.538 Thread 0x000001955283a180 10563       3       sun.management.spi.PlatformMBeanProvider$PlatformComponent$$Lambda$65/0x000000010016fca8::apply (9 bytes)
Event: 47.538 Thread 0x000001955283a180 nmethod 10563 0x000001953bc50a10 code [0x000001953bc50be0, 0x000001953bc50ef8]
Event: 47.539 Thread 0x00000195528397d0 nmethod 10562 0x0000019543382090 code [0x0000019543382200, 0x00000195433823d8]
Event: 48.545 Thread 0x000001955283a180 10564       3       java.util.stream.Collectors$$Lambda$62/0x000000010016a9f0::accept (14 bytes)
Event: 48.546 Thread 0x000001955283a180 nmethod 10564 0x000001953bf74610 code [0x000001953bf747e0, 0x000001953bf74dc8]
Event: 49.079 Thread 0x00000195528397d0 10565   !   4       java.util.concurrent.locks.AbstractQueuedSynchronizer::acquire (407 bytes)
Event: 49.118 Thread 0x00000195528397d0 nmethod 10565 0x000001954332d010 code [0x000001954332d260, 0x000001954332f8b0]
Event: 49.375 Thread 0x00000195528397d0 10566       4       java.util.concurrent.locks.AbstractQueuedSynchronizer$Node::clearStatus (12 bytes)
Event: 49.375 Thread 0x00000195528397d0 nmethod 10566 0x0000019543381d90 code [0x0000019543381f00, 0x0000019543381f78]
Event: 50.546 Thread 0x00000195528397d0 10567       4       java.util.Collection::stream (11 bytes)
Event: 50.549 Thread 0x00000195528397d0 nmethod 10567 0x000001954332c990 code [0x000001954332cb20, 0x000001954332ce98]
Event: 50.657 Thread 0x00000195528397d0 10568       4       java.util.concurrent.locks.AbstractQueuedSynchronizer$ConditionObject::enableWait (84 bytes)
Event: 50.663 Thread 0x00000195528397d0 nmethod 10568 0x000001954332bf10 code [0x000001954332c0c0, 0x000001954332c6e8]
Event: 52.957 Thread 0x00000195528397d0 10569       4       java.util.concurrent.locks.LockSupport::parkNanos (29 bytes)
Event: 52.959 Thread 0x00000195528397d0 nmethod 10569 0x0000019543381910 code [0x0000019543381aa0, 0x0000019543381ca8]
Event: 53.207 Thread 0x00000195528397d0 10570       4       java.util.concurrent.locks.AbstractQueuedSynchronizer$ConditionObject::awaitNanos (200 bytes)
Event: 53.221 Thread 0x00000195528397d0 nmethod 10570 0x0000019543134510 code [0x0000019543134700, 0x0000019543135448]

GC Heap History (20 events):
Event: 39.039 GC heap before
{Heap before GC invocations=23 (full 0):
 garbage-first heap   total 140288K, used 74134K [0x0000000080000000, 0x0000000100000000)
  region size 1024K, 6 young (6144K), 4 survivors (4096K)
 Metaspace       used 82994K, committed 83584K, reserved 1122304K
  class space    used 10954K, committed 11264K, reserved 1048576K
}
Event: 39.042 GC heap after
{Heap after GC invocations=24 (full 0):
 garbage-first heap   total 140288K, used 71998K [0x0000000080000000, 0x0000000100000000)
  region size 1024K, 1 young (1024K), 1 survivors (1024K)
 Metaspace       used 82994K, committed 83584K, reserved 1122304K
  class space    used 10954K, committed 11264K, reserved 1048576K
}
Event: 40.334 GC heap before
{Heap before GC invocations=24 (full 0):
 garbage-first heap   total 140288K, used 111934K [0x0000000080000000, 0x0000000100000000)
  region size 1024K, 41 young (41984K), 1 survivors (1024K)
 Metaspace       used 85798K, committed 86400K, reserved 1130496K
  class space    used 11373K, committed 11648K, reserved 1048576K
}
Event: 40.338 GC heap after
{Heap after GC invocations=25 (full 0):
 garbage-first heap   total 140288K, used 75216K [0x0000000080000000, 0x0000000100000000)
  region size 1024K, 5 young (5120K), 5 survivors (5120K)
 Metaspace       used 85798K, committed 86400K, reserved 1130496K
  class space    used 11373K, committed 11648K, reserved 1048576K
}
Event: 41.065 GC heap before
{Heap before GC invocations=26 (full 0):
 garbage-first heap   total 140288K, used 113104K [0x0000000080000000, 0x0000000100000000)
  region size 1024K, 42 young (43008K), 5 survivors (5120K)
 Metaspace       used 90280K, committed 90880K, reserved 1130496K
  class space    used 12183K, committed 12480K, reserved 1048576K
}
Event: 41.071 GC heap after
{Heap after GC invocations=27 (full 0):
 garbage-first heap   total 140288K, used 77824K [0x0000000080000000, 0x0000000100000000)
  region size 1024K, 3 young (3072K), 3 survivors (3072K)
 Metaspace       used 90280K, committed 90880K, reserved 1130496K
  class space    used 12183K, committed 12480K, reserved 1048576K
}
Event: 41.111 GC heap before
{Heap before GC invocations=27 (full 0):
 garbage-first heap   total 140288K, used 80896K [0x0000000080000000, 0x0000000100000000)
  region size 1024K, 6 young (6144K), 3 survivors (3072K)
 Metaspace       used 90549K, committed 91200K, reserved 1130496K
  class space    used 12224K, committed 12544K, reserved 1048576K
}
Event: 41.115 GC heap after
{Heap after GC invocations=28 (full 0):
 garbage-first heap   total 140288K, used 77661K [0x0000000080000000, 0x0000000100000000)
  region size 1024K, 1 young (1024K), 1 survivors (1024K)
 Metaspace       used 90549K, committed 91200K, reserved 1130496K
  class space    used 12224K, committed 12544K, reserved 1048576K
}
Event: 41.696 GC heap before
{Heap before GC invocations=28 (full 0):
 garbage-first heap   total 140288K, used 114525K [0x0000000080000000, 0x0000000100000000)
  region size 1024K, 37 young (37888K), 1 survivors (1024K)
 Metaspace       used 93924K, committed 94592K, reserved 1138688K
  class space    used 12724K, committed 13056K, reserved 1048576K
}
Event: 41.701 GC heap after
{Heap after GC invocations=29 (full 0):
 garbage-first heap   total 140288K, used 80656K [0x0000000080000000, 0x0000000100000000)
  region size 1024K, 4 young (4096K), 4 survivors (4096K)
 Metaspace       used 93924K, committed 94592K, reserved 1138688K
  class space    used 12724K, committed 13056K, reserved 1048576K
}
Event: 43.277 GC heap before
{Heap before GC invocations=30 (full 0):
 garbage-first heap   total 147456K, used 114448K [0x0000000080000000, 0x0000000100000000)
  region size 1024K, 37 young (37888K), 4 survivors (4096K)
 Metaspace       used 98566K, committed 99200K, reserved 1138688K
  class space    used 13396K, committed 13696K, reserved 1048576K
}
Event: 43.282 GC heap after
{Heap after GC invocations=31 (full 0):
 garbage-first heap   total 147456K, used 83649K [0x0000000080000000, 0x0000000100000000)
  region size 1024K, 4 young (4096K), 4 survivors (4096K)
 Metaspace       used 98566K, committed 99200K, reserved 1138688K
  class space    used 13396K, committed 13696K, reserved 1048576K
}
Event: 43.363 GC heap before
{Heap before GC invocations=31 (full 0):
 garbage-first heap   total 147456K, used 86721K [0x0000000080000000, 0x0000000100000000)
  region size 1024K, 7 young (7168K), 4 survivors (4096K)
 Metaspace       used 98925K, committed 99584K, reserved 1138688K
  class space    used 13454K, committed 13760K, reserved 1048576K
}
Event: 43.367 GC heap after
{Heap after GC invocations=32 (full 0):
 garbage-first heap   total 147456K, used 83456K [0x0000000080000000, 0x0000000100000000)
  region size 1024K, 1 young (1024K), 1 survivors (1024K)
 Metaspace       used 98925K, committed 99584K, reserved 1138688K
  class space    used 13454K, committed 13760K, reserved 1048576K
}
Event: 43.798 GC heap before
{Heap before GC invocations=32 (full 0):
 garbage-first heap   total 147456K, used 121344K [0x0000000080000000, 0x0000000100000000)
  region size 1024K, 38 young (38912K), 1 survivors (1024K)
 Metaspace       used 100766K, committed 101440K, reserved 1138688K
  class space    used 13704K, committed 14016K, reserved 1048576K
}
Event: 43.803 GC heap after
{Heap after GC invocations=33 (full 0):
 garbage-first heap   total 147456K, used 87116K [0x0000000080000000, 0x0000000100000000)
  region size 1024K, 5 young (5120K), 5 survivors (5120K)
 Metaspace       used 100766K, committed 101440K, reserved 1138688K
  class space    used 13704K, committed 14016K, reserved 1048576K
}
Event: 44.054 GC heap before
{Heap before GC invocations=34 (full 0):
 garbage-first heap   total 167936K, used 120908K [0x0000000080000000, 0x0000000100000000)
  region size 1024K, 38 young (38912K), 5 survivors (5120K)
 Metaspace       used 100870K, committed 101568K, reserved 1138688K
  class space    used 13710K, committed 14080K, reserved 1048576K
}
Event: 44.061 GC heap after
{Heap after GC invocations=35 (full 0):
 garbage-first heap   total 167936K, used 92046K [0x0000000080000000, 0x0000000100000000)
  region size 1024K, 5 young (5120K), 5 survivors (5120K)
 Metaspace       used 100870K, committed 101568K, reserved 1138688K
  class space    used 13710K, committed 14080K, reserved 1048576K
}
Event: 44.084 GC heap before
{Heap before GC invocations=35 (full 0):
 garbage-first heap   total 167936K, used 95118K [0x0000000080000000, 0x0000000100000000)
  region size 1024K, 8 young (8192K), 5 survivors (5120K)
 Metaspace       used 100878K, committed 101632K, reserved 1138688K
  class space    used 13710K, committed 14080K, reserved 1048576K
}
Event: 44.089 GC heap after
{Heap after GC invocations=36 (full 0):
 garbage-first heap   total 167936K, used 92711K [0x0000000080000000, 0x0000000100000000)
  region size 1024K, 1 young (1024K), 1 survivors (1024K)
 Metaspace       used 100878K, committed 101632K, reserved 1138688K
  class space    used 13710K, committed 14080K, reserved 1048576K
}

Dll operation events (2 events):
Event: 0.006 Loaded shared library D:\AndroidStudio\jbr\bin\java.dll
Event: 0.374 Loaded shared library D:\AndroidStudio\jbr\bin\verify.dll

Deoptimization events (20 events):
Event: 45.270 Thread 0x000001955ae97890 DEOPT PACKING pc=0x0000019543200768 sp=0x0000001a02afe2a0
Event: 45.270 Thread 0x000001955ae97890 DEOPT UNPACKING pc=0x0000019542a769a3 sp=0x0000001a02afe1f0 mode 2
Event: 45.270 Thread 0x0000019554e80ea0 Uncommon trap: trap_request=0xffffffd6 fr.pc=0x0000019543285b80 relative=0x0000000000000940
Event: 45.270 Thread 0x0000019554e80ea0 Uncommon trap: reason=array_check action=maybe_recompile pc=0x0000019543285b80 method=java.util.TimSort.binarySort([Ljava/lang/Object;IIILjava/util/Comparator;)V @ 183 c2
Event: 45.270 Thread 0x0000019554e80ea0 DEOPT PACKING pc=0x0000019543285b80 sp=0x0000001a7b5fe340
Event: 45.270 Thread 0x0000019554e80ea0 DEOPT UNPACKING pc=0x0000019542a769a3 sp=0x0000001a7b5fe2d8 mode 2
Event: 45.557 Thread 0x000001955ae93060 Uncommon trap: trap_request=0xffffff45 fr.pc=0x00000195434763ec relative=0x0000000000000cec
Event: 45.557 Thread 0x000001955ae93060 Uncommon trap: reason=unstable_if action=reinterpret pc=0x00000195434763ec method=com.google.common.collect.MapMakerInternalMap$Segment.drainKeyReferenceQueue(Ljava/lang/ref/ReferenceQueue;)V @ 8 c2
Event: 45.557 Thread 0x000001955ae93060 DEOPT PACKING pc=0x00000195434763ec sp=0x0000001a030fe230
Event: 45.557 Thread 0x000001955ae93060 DEOPT UNPACKING pc=0x0000019542a769a3 sp=0x0000001a030fe130 mode 2
Event: 45.891 Thread 0x000001955ae97890 Uncommon trap: trap_request=0xffffff45 fr.pc=0x00000195433391d4 relative=0x00000000000003d4
Event: 45.891 Thread 0x000001955ae97890 Uncommon trap: reason=unstable_if action=reinterpret pc=0x00000195433391d4 method=org.gradle.internal.snapshot.ChildMap$Entry.handleAncestorDescendantOrExactMatch(Lorg/gradle/internal/snapshot/VfsRelativePath;Lorg/gradle/internal/snapshot/CaseSensitivity;
Event: 45.891 Thread 0x000001955ae97890 DEOPT PACKING pc=0x00000195433391d4 sp=0x0000001a02afb300
Event: 45.891 Thread 0x000001955ae97890 DEOPT UNPACKING pc=0x0000019542a769a3 sp=0x0000001a02afb2f0 mode 2
Event: 45.892 Thread 0x000001955ae97890 Uncommon trap: trap_request=0xffffff45 fr.pc=0x00000195432f4198 relative=0x00000000000001f8
Event: 45.892 Thread 0x000001955ae97890 Uncommon trap: reason=unstable_if action=reinterpret pc=0x00000195432f4198 method=com.google.common.collect.RegularImmutableSet.contains(Ljava/lang/Object;)Z @ 11 c2
Event: 45.892 Thread 0x000001955ae97890 DEOPT PACKING pc=0x00000195432f4198 sp=0x0000001a02afb420
Event: 45.892 Thread 0x000001955ae97890 DEOPT UNPACKING pc=0x0000019542a769a3 sp=0x0000001a02afb3b8 mode 2
Event: 50.925 Thread 0x000001955ae97890 DEOPT PACKING pc=0x000001953bf4d064 sp=0x0000001a02af7e50
Event: 50.925 Thread 0x000001955ae97890 DEOPT UNPACKING pc=0x0000019542a77143 sp=0x0000001a02af7310 mode 0

Classes unloaded (0 events):
No events

Classes redefined (0 events):
No events

Internal exceptions (20 events):
Event: 44.109 Thread 0x000001955504b040 Exception <a 'java/lang/ClassNotFoundException'{0x0000000089f20728}: com/android/build/gradle/tasks/PackageAndroidArtifactBeanInfo> (0x0000000089f20728) 
thrown [s\src\hotspot\share\classfile\systemDictionary.cpp, line 256]
Event: 44.109 Thread 0x000001955504b040 Exception <a 'java/lang/ClassNotFoundException'{0x0000000089f2c168}: com/android/build/gradle/tasks/PackageAndroidArtifactCustomizer> (0x0000000089f2c168) 
thrown [s\src\hotspot\share\classfile\systemDictionary.cpp, line 256]
Event: 44.112 Thread 0x000001955504b040 Exception <a 'java/lang/ClassNotFoundException'{0x0000000089f84928}: com/android/build/gradle/tasks/PackageApplicationCustomizer> (0x0000000089f84928) 
thrown [s\src\hotspot\share\classfile\systemDictionary.cpp, line 256]
Event: 44.112 Thread 0x000001955504b040 Exception <a 'java/lang/ClassNotFoundException'{0x0000000089fabac0}: com/android/build/gradle/tasks/PackageApplication_DecoratedCustomizer> (0x0000000089fabac0) 
thrown [s\src\hotspot\share\classfile\systemDictionary.cpp, line 256]
Event: 44.116 Thread 0x000001955504b040 Exception <a 'java/lang/ClassNotFoundException'{0x0000000089e7ffa8}: com/android/build/gradle/internal/tasks/ListingFileRedirectTask_DecoratedBeanInfo> (0x0000000089e7ffa8) 
thrown [s\src\hotspot\share\classfile\systemDictionary.cpp, line 256]
Event: 44.117 Thread 0x000001955504b040 Exception <a 'java/lang/ClassNotFoundException'{0x0000000089e8be90}: com/android/build/gradle/internal/tasks/ListingFileRedirectTaskBeanInfo> (0x0000000089e8be90) 
thrown [s\src\hotspot\share\classfile\systemDictionary.cpp, line 256]
Event: 44.117 Thread 0x000001955504b040 Exception <a 'java/lang/ClassNotFoundException'{0x0000000089e97880}: com/android/build/gradle/internal/tasks/ListingFileRedirectTaskCustomizer> (0x0000000089e97880) 
thrown [s\src\hotspot\share\classfile\systemDictionary.cpp, line 256]
Event: 44.118 Thread 0x000001955504b040 Exception <a 'java/lang/ClassNotFoundException'{0x0000000089eb4240}: com/android/build/gradle/internal/tasks/ListingFileRedirectTask_DecoratedCustomizer> (0x0000000089eb4240) 
thrown [s\src\hotspot\share\classfile\systemDictionary.cpp, line 256]
Event: 44.120 Thread 0x000001955504b040 Implicit null exception at 0x000001954308d1aa to 0x000001954308dbbc
Event: 44.120 Thread 0x000001955504b040 Implicit null exception at 0x0000019543548688 to 0x0000019543548800
Event: 44.231 Thread 0x000001955504b040 Exception <a 'java/lang/NoSuchMethodError'{0x00000000895b1d10}: static Lcom/android/build/gradle/internal/profile/ProjectData;.<clinit>()V> (0x00000000895b1d10) 
thrown [s\src\hotspot\share\prims\jni.cpp, line 1108]
Event: 44.239 Thread 0x000001955504b040 Exception <a 'java/lang/NoSuchMethodError'{0x00000000895fd268}: static Lcom/android/build/gradle/internal/profile/TaskMetadata;.<clinit>()V> (0x00000000895fd268) 
thrown [s\src\hotspot\share\prims\jni.cpp, line 1108]
Event: 44.241 Thread 0x000001955504b040 Exception <a 'java/lang/NoSuchMethodError'{0x000000008942e6c0}: 'void java.lang.invoke.DirectMethodHandle$Holder.invokeSpecial(java.lang.Object, java.lang.Object, java.lang.Object, int)'> (0x000000008942e6c0) 
thrown [s\src\hotspot\share\interpreter\linkResolver.cpp, line 771]
Event: 44.280 Thread 0x000001955504b040 Exception <a 'sun/nio/fs/WindowsException'{0x0000000089245ad8}> (0x0000000089245ad8) 
thrown [s\src\hotspot\share\prims\jni.cpp, line 517]
Event: 44.287 Thread 0x000001955504b040 Exception <a 'java/lang/NoSuchMethodError'{0x0000000089279c68}: 'java.lang.Object java.lang.invoke.DirectMethodHandle$Holder.newInvokeSpecial(java.lang.Object, java.lang.Object, java.lang.Object, java.lang.Object, int, java.lang.Object)'> (0x0000000089279c68) 
thrown [s\src\hotspot\share\interpreter\linkResolver.cpp, line 771]
Event: 44.287 Thread 0x000001955504b040 Exception <a 'java/lang/NoSuchMethodError'{0x000000008927ea70}: 'java.lang.Object java.lang.invoke.Invokers$Holder.linkToTargetMethod(java.lang.Object, java.lang.Object, java.lang.Object, int, java.lang.Object, java.lang.Object)'> (0x000000008927ea70) 
thrown [s\src\hotspot\share\interpreter\linkResolver.cpp, line 771]
Event: 44.334 Thread 0x000001955ae97890 Exception <a 'java/lang/NoSuchMethodError'{0x0000000088d41d80}: 'void java.lang.invoke.DirectMethodHandle$Holder.invokeInterface(java.lang.Object, java.lang.Object, java.lang.Object, java.lang.Object)'> (0x0000000088d41d80) 
thrown [s\src\hotspot\share\interpreter\linkResolver.cpp, line 771]
Event: 45.270 Thread 0x0000019554e80ea0 Exception <a 'java/lang/NoSuchMethodError'{0x0000000088c51d68}: static Lorg/gradle/internal/build/event/types/DefaultTaskStartedProgressEvent;.<clinit>()V> (0x0000000088c51d68) 
thrown [s\src\hotspot\share\prims\jni.cpp, line 1108]
Event: 45.270 Thread 0x0000019554e80ea0 Exception <a 'java/lang/NoSuchMethodError'{0x0000000088ca5e38}: static Lorg/gradle/internal/build/event/types/DefaultTaskDescriptor;.<clinit>()V> (0x0000000088ca5e38) 
thrown [s\src\hotspot\share\prims\jni.cpp, line 1108]
Event: 50.925 Thread 0x000001955ae97890 Exception <a 'net/rubygrapefruit/platform/NativeException'{0x0000000088cf2e88}: Execution timed out> (0x0000000088cf2e88) 
thrown [s\src\hotspot\share\prims\jni.cpp, line 536]

VM Operations (20 events):
Event: 44.084 Executing VM operation: G1CollectForAllocation
Event: 44.089 Executing VM operation: G1CollectForAllocation done
Event: 44.236 Executing VM operation: HandshakeAllThreads
Event: 44.236 Executing VM operation: HandshakeAllThreads done
Event: 44.330 Executing VM operation: HandshakeAllThreads
Event: 44.330 Executing VM operation: HandshakeAllThreads done
Event: 45.345 Executing VM operation: Cleanup
Event: 45.345 Executing VM operation: Cleanup done
Event: 46.345 Executing VM operation: Cleanup
Event: 46.345 Executing VM operation: Cleanup done
Event: 47.351 Executing VM operation: Cleanup
Event: 47.351 Executing VM operation: Cleanup done
Event: 50.924 Executing VM operation: HandshakeAllThreads
Event: 50.924 Executing VM operation: HandshakeAllThreads done
Event: 50.924 Executing VM operation: Cleanup
Event: 50.924 Executing VM operation: Cleanup done
Event: 51.928 Executing VM operation: Cleanup
Event: 51.928 Executing VM operation: Cleanup done
Event: 52.941 Executing VM operation: Cleanup
Event: 52.941 Executing VM operation: Cleanup done

Events (20 events):
Event: 44.282 loading class java/util/concurrent/ConcurrentLinkedQueue$Itr done
Event: 44.283 Thread 0x000001955878c080 Thread added: 0x000001955878c080
Event: 44.305 Thread 0x000001955ae93ed0 Thread added: 0x000001955ae93ed0
Event: 44.312 Thread 0x000001955ae96550 Thread added: 0x000001955ae96550
Event: 44.312 Thread 0x000001955ae97890 Thread added: 0x000001955ae97890
Event: 44.312 Thread 0x000001955ae973c0 Thread added: 0x000001955ae973c0
Event: 44.312 Thread 0x000001955ae98230 Thread added: 0x000001955ae98230
Event: 44.313 Thread 0x000001955ae95bb0 Thread added: 0x000001955ae95bb0
Event: 44.313 Thread 0x000001955ae99a40 Thread added: 0x000001955ae99a40
Event: 44.313 Thread 0x000001955ae96080 Thread added: 0x000001955ae96080
Event: 44.353 Thread 0x000001955ae93060 Thread added: 0x000001955ae93060
Event: 45.213 Thread 0x0000019558d63420 Thread exited: 0x0000019558d63420
Event: 45.267 loading class java/util/TreeMap$KeySpliterator
Event: 45.267 loading class java/util/TreeMap$KeySpliterator done
Event: 50.920 loading class java/util/logging/LogRecord
Event: 50.921 loading class java/util/logging/LogRecord done
Event: 50.921 loading class java/time/Clock
Event: 50.921 loading class java/time/InstantSource
Event: 50.921 loading class java/time/InstantSource done
Event: 50.921 loading class java/time/Clock done


Dynamic libraries:
0x00007ff636640000 - 0x00007ff63664a000 	D:\AndroidStudio\jbr\bin\java.exe
0x00007ff87b310000 - 0x00007ff87b507000 	C:\Windows\SYSTEM32\ntdll.dll
0x00007ff87b030000 - 0x00007ff87b0ed000 	C:\Windows\System32\KERNEL32.DLL
0x00007ff8789f0000 - 0x00007ff878ce6000 	C:\Windows\System32\KERNELBASE.dll
0x00007ff879020000 - 0x00007ff879120000 	C:\Windows\System32\ucrtbase.dll
0x00007ff8613f0000 - 0x00007ff861407000 	D:\AndroidStudio\jbr\bin\jli.dll
0x00007ff87aa10000 - 0x00007ff87abae000 	C:\Windows\System32\USER32.dll
0x00007ff878da0000 - 0x00007ff878dc2000 	C:\Windows\System32\win32u.dll
0x00007ff877dd0000 - 0x00007ff87806a000 	C:\Windows\WinSxS\amd64_microsoft.windows.common-controls_6595b64144ccf1df_6.0.19041.3570_none_60bb2a3971f3e41a\COMCTL32.dll
0x00007ff879e30000 - 0x00007ff879e5c000 	C:\Windows\System32\GDI32.dll
0x00007ff879d90000 - 0x00007ff879e2e000 	C:\Windows\System32\msvcrt.dll
0x00007ff879250000 - 0x00007ff87936a000 	C:\Windows\System32\gdi32full.dll
0x00007ff879120000 - 0x00007ff8791bd000 	C:\Windows\System32\msvcp_win.dll
0x00007ff839fc0000 - 0x00007ff839fdb000 	D:\AndroidStudio\jbr\bin\VCRUNTIME140.dll
0x00007ff879d60000 - 0x00007ff879d90000 	C:\Windows\System32\IMM32.DLL
0x00007ff850820000 - 0x00007ff85082c000 	D:\AndroidStudio\jbr\bin\vcruntime140_1.dll
0x00007ff826500000 - 0x00007ff82658d000 	D:\AndroidStudio\jbr\bin\msvcp140.dll
0x00007ff81f640000 - 0x00007ff8202ae000 	D:\AndroidStudio\jbr\bin\server\jvm.dll
0x00007ff879f80000 - 0x00007ff87a02e000 	C:\Windows\System32\ADVAPI32.dll
0x00007ff87a270000 - 0x00007ff87a30c000 	C:\Windows\System32\sechost.dll
0x00007ff87b0f0000 - 0x00007ff87b216000 	C:\Windows\System32\RPCRT4.dll
0x00007ff863ff0000 - 0x00007ff863ff9000 	C:\Windows\SYSTEM32\WSOCK32.dll
0x00007ff864ac0000 - 0x00007ff864ae7000 	C:\Windows\SYSTEM32\WINMM.dll
0x00007ff87a150000 - 0x00007ff87a1bb000 	C:\Windows\System32\WS2_32.dll
0x00007ff8724f0000 - 0x00007ff8724fa000 	C:\Windows\SYSTEM32\VERSION.dll
0x00007ff876220000 - 0x00007ff876232000 	C:\Windows\SYSTEM32\kernel.appcore.dll
0x00007ff875c60000 - 0x00007ff875c6a000 	D:\AndroidStudio\jbr\bin\jimage.dll
0x00007ff878260000 - 0x00007ff878444000 	C:\Windows\SYSTEM32\DBGHELP.DLL
0x00007ff8781a0000 - 0x00007ff8781d4000 	C:\Windows\SYSTEM32\dbgcore.DLL
0x00007ff8791c0000 - 0x00007ff879242000 	C:\Windows\System32\bcryptPrimitives.dll
0x00007ff851a30000 - 0x00007ff851a55000 	D:\AndroidStudio\jbr\bin\java.dll
0x00007ff872550000 - 0x00007ff872568000 	D:\AndroidStudio\jbr\bin\zip.dll
0x00007ff879580000 - 0x00007ff879cc4000 	C:\Windows\System32\SHELL32.dll
0x00007ff876420000 - 0x00007ff876bbb000 	C:\Windows\SYSTEM32\windows.storage.dll
0x00007ff87a4c0000 - 0x00007ff87a814000 	C:\Windows\System32\combase.dll
0x00007ff877d30000 - 0x00007ff877d5d000 	C:\Windows\SYSTEM32\Wldp.dll
0x00007ff87b220000 - 0x00007ff87b2cd000 	C:\Windows\System32\SHCORE.dll
0x00007ff879520000 - 0x00007ff879575000 	C:\Windows\System32\shlwapi.dll
0x00007ff878920000 - 0x00007ff878945000 	C:\Windows\SYSTEM32\profapi.dll
0x00007ff86edd0000 - 0x00007ff86ede9000 	D:\AndroidStudio\jbr\bin\net.dll
0x00007ff871ce0000 - 0x00007ff871dea000 	C:\Windows\SYSTEM32\WINHTTP.dll
0x00007ff877c00000 - 0x00007ff877c6a000 	C:\Windows\system32\mswsock.dll
0x00007ff86bd60000 - 0x00007ff86bd76000 	D:\AndroidStudio\jbr\bin\nio.dll
0x00007ff873e70000 - 0x00007ff873e80000 	D:\AndroidStudio\jbr\bin\verify.dll
0x00007ff827eb0000 - 0x00007ff827ed7000 	C:\Users\Dhino_Rahmad\.gradle\native\68d5fa5c4cc2d200863cafc0d521ce42e7d3e7ee720ec0a83991735586a16f82\windows-amd64\native-platform.dll
0x00007ff80df70000 - 0x00007ff80e0b4000 	C:\Users\Dhino_Rahmad\.gradle\native\e376f236ea51e6404a007f0833ffe2c6e607c4080706a723a18a27aeea778392\windows-amd64\native-platform-file-events.dll
0x00007ff872810000 - 0x00007ff872819000 	D:\AndroidStudio\jbr\bin\management.dll
0x00007ff862960000 - 0x00007ff86296b000 	D:\AndroidStudio\jbr\bin\management_ext.dll
0x00007ff87a0c0000 - 0x00007ff87a0c8000 	C:\Windows\System32\PSAPI.DLL
0x00007ff878760000 - 0x00007ff878778000 	C:\Windows\SYSTEM32\CRYPTSP.dll
0x00007ff877400000 - 0x00007ff877434000 	C:\Windows\system32\rsaenh.dll
0x00007ff878e40000 - 0x00007ff878e67000 	C:\Windows\System32\bcrypt.dll
0x00007ff8788e0000 - 0x00007ff87890e000 	C:\Windows\SYSTEM32\USERENV.dll
0x00007ff877cf0000 - 0x00007ff877cfc000 	C:\Windows\SYSTEM32\CRYPTBASE.dll
0x00007ff877780000 - 0x00007ff8777bb000 	C:\Windows\SYSTEM32\IPHLPAPI.DLL
0x00007ff87b020000 - 0x00007ff87b028000 	C:\Windows\System32\NSI.dll
0x00007ff870730000 - 0x00007ff870747000 	C:\Windows\SYSTEM32\dhcpcsvc6.DLL
0x00007ff8712a0000 - 0x00007ff8712bd000 	C:\Windows\SYSTEM32\dhcpcsvc.DLL
0x00007ff8777c0000 - 0x00007ff87788a000 	C:\Windows\SYSTEM32\DNSAPI.dll
0x00007ff86c8b0000 - 0x00007ff86c8b7000 	C:\Windows\system32\wshunix.dll
0x00007ff86bff0000 - 0x00007ff86bffa000 	C:\Windows\System32\rasadhlp.dll
0x00007ff86db70000 - 0x00007ff86dbf2000 	C:\Windows\System32\fwpuclnt.dll
0x00007ff842150000 - 0x00007ff842167000 	C:\Windows\system32\napinsp.dll
0x00007ff842130000 - 0x00007ff84214b000 	C:\Windows\system32\pnrpnsp.dll
0x00007ff872230000 - 0x00007ff872245000 	C:\Windows\system32\wshbth.dll
0x00007ff873e20000 - 0x00007ff873e3d000 	C:\Windows\system32\NLAapi.dll
0x00007ff842110000 - 0x00007ff842122000 	C:\Windows\System32\winrnr.dll

dbghelp: loaded successfully - version: 4.0.5 - missing functions: none
symbol engine: initialized successfully - sym options: 0x614 - pdb path: .;D:\AndroidStudio\jbr\bin;C:\Windows\SYSTEM32;C:\Windows\WinSxS\amd64_microsoft.windows.common-controls_6595b64144ccf1df_6.0.19041.3570_none_60bb2a3971f3e41a;D:\AndroidStudio\jbr\bin\server;C:\Users\Dhino_Rahmad\.gradle\native\68d5fa5c4cc2d200863cafc0d521ce42e7d3e7ee720ec0a83991735586a16f82\windows-amd64;C:\Users\Dhino_Rahmad\.gradle\native\e376f236ea51e6404a007f0833ffe2c6e607c4080706a723a18a27aeea778392\windows-amd64

VM Arguments:
jvm_args: --add-opens=java.base/java.util=ALL-UNNAMED --add-opens=java.base/java.lang=ALL-UNNAMED --add-opens=java.base/java.lang.invoke=ALL-UNNAMED --add-opens=java.prefs/java.util.prefs=ALL-UNNAMED --add-opens=java.base/java.nio.charset=ALL-UNNAMED --add-opens=java.base/java.net=ALL-UNNAMED --add-opens=java.base/java.util.concurrent.atomic=ALL-UNNAMED -Xmx2048m -Dfile.encoding=UTF-8 -Duser.country=ID -Duser.language=en -Duser.variant 
java_command: org.gradle.launcher.daemon.bootstrap.GradleDaemon 8.0
java_class_path (initial): C:\Users\Dhino_Rahmad\.gradle\wrapper\dists\gradle-8.0-bin\ca5e32bp14vu59qr306oxotwh\gradle-8.0\lib\gradle-launcher-8.0.jar
Launcher Type: SUN_STANDARD

[Global flags]
     intx CICompilerCount                          = 4                                         {product} {ergonomic}
     uint ConcGCThreads                            = 2                                         {product} {ergonomic}
     uint G1ConcRefinementThreads                  = 8                                         {product} {ergonomic}
   size_t G1HeapRegionSize                         = 1048576                                   {product} {ergonomic}
    uintx GCDrainStackTargetSize                   = 64                                        {product} {ergonomic}
   size_t InitialHeapSize                          = 134217728                                 {product} {ergonomic}
   size_t MarkStackSize                            = 4194304                                   {product} {ergonomic}
   size_t MaxHeapSize                              = 2147483648                                {product} {command line}
   size_t MaxNewSize                               = 1287651328                                {product} {ergonomic}
   size_t MinHeapDeltaBytes                        = 1048576                                   {product} {ergonomic}
   size_t MinHeapSize                              = 8388608                                   {product} {ergonomic}
    uintx NonNMethodCodeHeapSize                   = 5839372                                {pd product} {ergonomic}
    uintx NonProfiledCodeHeapSize                  = 122909434                              {pd product} {ergonomic}
    uintx ProfiledCodeHeapSize                     = 122909434                              {pd product} {ergonomic}
    uintx ReservedCodeCacheSize                    = 251658240                              {pd product} {ergonomic}
     bool SegmentedCodeCache                       = true                                      {product} {ergonomic}
   size_t SoftMaxHeapSize                          = 2147483648                             {manageable} {ergonomic}
     bool UseCompressedClassPointers               = true                           {product lp64_product} {ergonomic}
     bool UseCompressedOops                        = true                           {product lp64_product} {ergonomic}
     bool UseG1GC                                  = true                                      {product} {ergonomic}
     bool UseLargePagesIndividualAllocation        = false                                  {pd product} {ergonomic}

Logging:
Log output configuration:
 #0: stdout all=warning uptime,level,tags
 #1: stderr all=off uptime,level,tags

Environment Variables:
JAVA_HOME=C:\Program Files\Java\jdk-17.0.1
PATH=C:\Program Files (x86)\Common Files\Intel\Shared Libraries\redist\intel64\compiler;C:\Program Files\Common Files\Oracle\Java\javapath;C:\Windows\system32;C:\Windows;C:\Windows\System32\Wbem;C:\Windows\System32\WindowsPowerShell\v1.0\;C:\Windows\System32\OpenSSH\;C:\Program Files (x86)\NVIDIA Corporation\PhysX\Common;C:\Program Files\NVIDIA Corporation\NVIDIA NvDLISR;C:\Program Files\Go\bin;C:\Program Files\Git\cmd;C:\Program Files\nodejs\;C:\Program Files\Go\bin;C:\Program Files\grader;D:\postgres\bin;C:\Users\Dhino_Rahmad\AppData\Roaming\Microsoft\Windows\Start Menu\Programs\Anaconda3 (64-bit);D:\xampp\mysql\bin;C:\Program Files\firebase;C:\Users\Dhino_Rahmad\AppData\Roaming\npm;D:\xampp\php;C:\composer;C:\Program Files\stripe;C:\Program Files\kotlinc\bin;D:\anaconda;D:\anaconda\Library\mingw-w64\bin;D:\anaconda\Library\usr\bin;D:\anaconda\Library\bin;D:\anaconda\Scripts;C:\Users\Dhino_Rahmad\scoop\shims;F:\Project\golang\go\bin;C:\Program Files (x86)\Common Files\Intel\Shared Libraries\redist\intel64\compiler;C:\Program Files\Common Files\Oracle\Java\javapath;C:\Windows\system32;C:\Windows;C:\Windows\System32\Wbem;C:\Windows\System32\WindowsPowerShell\v1.0\;C:\Windows\System32\OpenSSH\;C:\Program Files (x86)\NVIDIA Corporation\PhysX\Common;C:\Program Files\NVIDIA Corporation\NVIDIA NvDLISR;C:\Program Files\Go\bin;C:\Program Files\Git\cmd;C:\Program Files\nodejs\;C:\Program Files\Go\bin;C:\Program Files\grader;D:\postgres\bin;C:\Users\Dhino_Rahmad\AppData\Roaming\Microsoft\Windows\Start Menu\Programs\Anaconda3 (64-bit);D:\xampp\mysql\bin;C:\Program Files\firebase;C:\Users\Dhino_Rahmad\AppData\Roaming\npm;D:\xampp\php;C:\composer;C:\Program Files\stripe;C:\Program Files\kotlinc\bin;;C:\Users\Dhino_Rahmad\AppData\Local\Programs\Microsoft VS Code\bin;C:\Users\Dhino_Rahmad\AppData\Roaming\Composer\vendor\bin
USERNAME=Dhino_Rahmad
OS=Windows_NT
PROCESSOR_IDENTIFIER=Intel64 Family 6 Model 158 Stepping 9, GenuineIntel
TMP=C:\Users\DHINO_~1\AppData\Local\Temp
TEMP=C:\Users\DHINO_~1\AppData\Local\Temp


JNI global refs:
JNI global refs: 26, weak refs: 0

JNI global refs memory usage: 843, weak refs: 209


---------------  S Y S T E M  ---------------

OS:
 Windows 10 , 64 bit Build 19041 (10.0.19041.3570)
OS uptime: 0 days 5:47 hours

CPU: total 8 (initial active 8) (4 cores per cpu, 2 threads per core) family 6 model 158 stepping 9 microcode 0xb4, cx8, cmov, fxsr, ht, mmx, 3dnowpref, sse, sse2, sse3, ssse3, sse4.1, sse4.2, popcnt, lzcnt, tsc, tscinvbit, avx, avx2, aes, erms, clmul, bmi1, bmi2, adx, fma, vzeroupper, clflush, clflushopt

Memory: 4k page, system-wide physical 8073M (607M free)
TotalPageFile size 16777M (AvailPageFile size 5161M)
current process WorkingSet (physical memory assigned to process): 395M, peak: 437M
current process commit charge ("private bytes"): 445M, peak: 471M

vm_info: OpenJDK 64-Bit Server VM (17.0.6+0-b2043.56-10027231) for windows-amd64 JRE (17.0.6+0-b2043.56-10027231), built on Apr 28 2023 00:43:19 by "androidbuild" with MS VC++ 16.10 / 16.11 (VS2019)

END.
